<?xml version="1.0" encoding="UTF-8"?>
<coverage generated="1768419305634" clover="3.2.0">
  <project timestamp="1768419305635" name="All files">
    <metrics statements="450" coveredstatements="439" conditionals="275" coveredconditionals="259" methods="133" coveredmethods="125" elements="858" coveredelements="823" complexity="0" loc="450" ncloc="450" packages="8" files="31" classes="31"/>
    <package name="src">
      <metrics statements="38" coveredstatements="38" conditionals="12" coveredconditionals="12" methods="11" coveredmethods="11"/>
      <file name="ValidationHandler.ts" path="C:\typescript\laravel-like-validation\src\ValidationHandler.ts">
        <metrics statements="26" coveredstatements="26" conditionals="10" coveredconditionals="10" methods="6" coveredmethods="6"/>
        <line num="12" count="46" type="stmt"/>
        <line num="13" count="46" type="stmt"/>
        <line num="17" count="46" type="stmt"/>
        <line num="21" count="112" type="stmt"/>
        <line num="23" count="112" type="stmt"/>
        <line num="24" count="118" type="cond" truecount="2" falsecount="0"/>
        <line num="25" count="72" type="stmt"/>
        <line num="27" count="46" type="stmt"/>
        <line num="31" count="112" type="stmt"/>
        <line num="35" count="40" type="stmt"/>
        <line num="37" count="40" type="stmt"/>
        <line num="38" count="34" type="stmt"/>
        <line num="40" count="40" type="stmt"/>
        <line num="45" count="42" type="stmt"/>
        <line num="47" count="42" type="stmt"/>
        <line num="53" count="42" type="stmt"/>
        <line num="55" count="40" type="stmt"/>
        <line num="56" count="40" type="stmt"/>
        <line num="60" count="40" type="stmt"/>
        <line num="62" count="40" type="cond" truecount="4" falsecount="0"/>
        <line num="63" count="24" type="stmt"/>
        <line num="66" count="16" type="stmt"/>
        <line num="69" count="26" type="cond" truecount="4" falsecount="0"/>
        <line num="70" count="24" type="stmt"/>
        <line num="72" count="2" type="stmt"/>
        <line num="79" count="46" type="stmt"/>
      </file>
      <file name="ValidationSet.ts" path="C:\typescript\laravel-like-validation\src\ValidationSet.ts">
        <metrics statements="4" coveredstatements="4" conditionals="2" coveredconditionals="2" methods="2" coveredmethods="2"/>
        <line num="8" count="3" type="cond" truecount="2" falsecount="0"/>
        <line num="9" count="1" type="stmt"/>
        <line num="10" count="2" type="stmt"/>
        <line num="13" count="2" type="stmt"/>
      </file>
      <file name="Validator.ts" path="C:\typescript\laravel-like-validation\src\Validator.ts">
        <metrics statements="8" coveredstatements="8" conditionals="0" coveredconditionals="0" methods="3" coveredmethods="3"/>
        <line num="8" count="46" type="stmt"/>
        <line num="12" count="46" type="stmt"/>
        <line num="17" count="42" type="stmt"/>
        <line num="19" count="42" type="stmt"/>
        <line num="20" count="40" type="stmt"/>
        <line num="21" count="40" type="stmt"/>
        <line num="23" count="40" type="stmt"/>
        <line num="25" count="40" type="stmt"/>
      </file>
    </package>
    <package name="src.base">
      <metrics statements="222" coveredstatements="220" conditionals="141" coveredconditionals="138" methods="58" coveredmethods="56"/>
      <file name="BaseRule.ts" path="C:\typescript\laravel-like-validation\src\base\BaseRule.ts">
        <metrics statements="13" coveredstatements="13" conditionals="12" coveredconditionals="12" methods="9" coveredmethods="9"/>
        <line num="2" count="947" type="stmt"/>
        <line num="3" count="947" type="stmt"/>
        <line num="6" count="1787" type="stmt"/>
        <line num="10" count="13" type="stmt"/>
        <line num="14" count="116" type="stmt"/>
        <line num="21" count="65" type="cond" truecount="2" falsecount="0"/>
        <line num="22" count="94" type="stmt"/>
        <line num="23" count="94" type="stmt"/>
        <line num="28" count="2278" type="cond" truecount="2" falsecount="0"/>
        <line num="32" count="71" type="cond" truecount="2" falsecount="0"/>
        <line num="33" count="68" type="cond" truecount="2" falsecount="0"/>
        <line num="34" count="5" type="cond" truecount="4" falsecount="0"/>
        <line num="35" count="3" type="stmt"/>
      </file>
      <file name="BaseValidation.ts" path="C:\typescript\laravel-like-validation\src\base\BaseValidation.ts">
        <metrics statements="2" coveredstatements="2" conditionals="0" coveredconditionals="0" methods="2" coveredmethods="2"/>
        <line num="7" count="17" type="stmt"/>
        <line num="11" count="17" type="stmt"/>
      </file>
      <file name="BaseValidationFactory.ts" path="C:\typescript\laravel-like-validation\src\base\BaseValidationFactory.ts">
        <metrics statements="11" coveredstatements="11" conditionals="4" coveredconditionals="4" methods="6" coveredmethods="6"/>
        <line num="9" count="46" type="stmt"/>
        <line num="12" count="45" type="cond" truecount="2" falsecount="0"/>
        <line num="13" count="45" type="stmt"/>
        <line num="17" count="45" type="cond" truecount="2" falsecount="0"/>
        <line num="18" count="45" type="stmt"/>
        <line num="22" count="1" type="stmt"/>
        <line num="23" count="1" type="stmt"/>
        <line num="27" count="3" type="stmt"/>
        <line num="28" count="3" type="stmt"/>
        <line num="32" count="1" type="stmt"/>
        <line num="33" count="1" type="stmt"/>
      </file>
      <file name="BaseValidationSet.ts" path="C:\typescript\laravel-like-validation\src\base\BaseValidationSet.ts">
        <metrics statements="22" coveredstatements="22" conditionals="2" coveredconditionals="2" methods="4" coveredmethods="4"/>
        <line num="25" count="46" type="cond" truecount="2" falsecount="0"/>
        <line num="29" count="46" type="stmt"/>
        <line num="30" count="46" type="stmt"/>
        <line num="31" count="46" type="stmt"/>
        <line num="32" count="46" type="stmt"/>
        <line num="33" count="46" type="stmt"/>
        <line num="34" count="46" type="stmt"/>
        <line num="35" count="46" type="stmt"/>
        <line num="36" count="46" type="stmt"/>
        <line num="37" count="46" type="stmt"/>
        <line num="38" count="46" type="stmt"/>
        <line num="39" count="46" type="stmt"/>
        <line num="40" count="46" type="stmt"/>
        <line num="41" count="46" type="stmt"/>
        <line num="42" count="46" type="stmt"/>
        <line num="43" count="46" type="stmt"/>
        <line num="44" count="46" type="stmt"/>
        <line num="46" count="46" type="stmt"/>
        <line num="70" count="127" type="stmt"/>
        <line num="74" count="39" type="stmt"/>
        <line num="75" count="39" type="stmt"/>
        <line num="77" count="39" type="stmt"/>
      </file>
      <file name="BaseValidator.ts" path="C:\typescript\laravel-like-validation\src\base\BaseValidator.ts">
        <metrics statements="148" coveredstatements="146" conditionals="99" coveredconditionals="97" methods="31" coveredmethods="29"/>
        <line num="15" count="47" type="stmt"/>
        <line num="21" count="47" type="stmt"/>
        <line num="27" count="47" type="stmt"/>
        <line num="37" count="47" type="stmt"/>
        <line num="43" count="47" type="stmt"/>
        <line num="47" count="47" type="stmt"/>
        <line num="53" count="47" type="stmt"/>
        <line num="55" count="47" type="stmt"/>
        <line num="57" count="47" type="stmt"/>
        <line num="59" count="47" type="stmt"/>
        <line num="60" count="47" type="stmt"/>
        <line num="61" count="47" type="stmt"/>
        <line num="64" count="42" type="stmt"/>
        <line num="65" count="42" type="stmt"/>
        <line num="70" count="42" type="stmt"/>
        <line num="75" count="42" type="stmt"/>
        <line num="80" count="42" type="stmt"/>
        <line num="81" count="42" type="stmt"/>
        <line num="82" count="42" type="stmt"/>
        <line num="84" count="42" type="stmt"/>
        <line num="85" count="42" type="stmt"/>
        <line num="86" count="42" type="stmt"/>
        <line num="91" count="42" type="stmt"/>
        <line num="93" count="42" type="stmt"/>
        <line num="94" count="42" type="stmt"/>
        <line num="95" count="42" type="stmt"/>
        <line num="108" count="40" type="stmt"/>
        <line num="110" count="40" type="cond" truecount="4" falsecount="0"/>
        <line num="111" count="24" type="stmt"/>
        <line num="114" count="40" type="cond" truecount="4" falsecount="0"/>
        <line num="115" count="1" type="stmt"/>
        <line num="118" count="40" type="cond" truecount="4" falsecount="0"/>
        <line num="119" count="1" type="stmt"/>
        <line num="122" count="40" type="stmt"/>
        <line num="130" count="40" type="stmt"/>
        <line num="132" count="40" type="cond" truecount="4" falsecount="0"/>
        <line num="133" count="31" type="stmt"/>
        <line num="136" count="40" type="cond" truecount="4" falsecount="0"/>
        <line num="137" count="1" type="stmt"/>
        <line num="140" count="40" type="cond" truecount="4" falsecount="0"/>
        <line num="141" count="2" type="stmt"/>
        <line num="144" count="40" type="stmt"/>
        <line num="148" count="46" type="stmt"/>
        <line num="152" count="79" type="stmt"/>
        <line num="157" count="127" type="cond" truecount="2" falsecount="0"/>
        <line num="159" count="127" type="stmt"/>
        <line num="165" count="127" type="cond" truecount="2" falsecount="0"/>
        <line num="167" count="6" type="stmt"/>
        <line num="169" count="6" type="stmt"/>
        <line num="173" count="6" type="stmt"/>
        <line num="175" count="121" type="cond" truecount="4" falsecount="0"/>
        <line num="177" count="120" type="stmt"/>
        <line num="179" count="0" type="stmt"/>
        <line num="180" count="4" type="stmt"/>
        <line num="184" count="120" type="cond" truecount="2" falsecount="0"/>
        <line num="186" count="7" type="cond" truecount="2" falsecount="0"/>
        <line num="187" count="7" type="stmt"/>
        <line num="188" count="7" type="stmt"/>
        <line num="189" count="7" type="stmt"/>
        <line num="191" count="7" type="cond" truecount="2" falsecount="0"/>
        <line num="192" count="1" type="stmt"/>
        <line num="195" count="113" type="cond" truecount="1" falsecount="1"/>
        <line num="197" count="113" type="cond" truecount="2" falsecount="0"/>
        <line num="199" count="39" type="stmt"/>
        <line num="200" count="39" type="cond" truecount="2" falsecount="0"/>
        <line num="201" count="39" type="stmt"/>
        <line num="202" count="39" type="stmt"/>
        <line num="203" count="39" type="stmt"/>
        <line num="204" count="39" type="cond" truecount="5" falsecount="0"/>
        <line num="205" count="3" type="stmt"/>
        <line num="208" count="74" type="cond" truecount="2" falsecount="0"/>
        <line num="210" count="70" type="cond" truecount="2" falsecount="0"/>
        <line num="211" count="70" type="stmt"/>
        <line num="212" count="70" type="stmt"/>
        <line num="213" count="70" type="stmt"/>
        <line num="214" count="70" type="cond" truecount="5" falsecount="0"/>
        <line num="215" count="2" type="stmt"/>
        <line num="222" count="120" type="stmt"/>
        <line num="225" count="1" type="stmt"/>
        <line num="227" count="1" type="stmt"/>
        <line num="229" count="0" type="stmt"/>
        <line num="230" count="1" type="stmt"/>
        <line num="241" count="92" type="stmt"/>
        <line num="243" count="127" type="stmt"/>
        <line num="245" count="127" type="stmt"/>
        <line num="249" count="127" type="cond" truecount="2" falsecount="0"/>
        <line num="254" count="2" type="stmt"/>
        <line num="255" count="2" type="stmt"/>
        <line num="258" count="125" type="cond" truecount="2" falsecount="0"/>
        <line num="260" count="5" type="stmt"/>
        <line num="261" count="5" type="stmt"/>
        <line num="263" count="120" type="cond" truecount="2" falsecount="0"/>
        <line num="265" count="6" type="stmt"/>
        <line num="267" count="6" type="cond" truecount="4" falsecount="0"/>
        <line num="269" count="3" type="stmt"/>
        <line num="273" count="3" type="stmt"/>
        <line num="275" count="3" type="cond" truecount="2" falsecount="0"/>
        <line num="276" count="1" type="stmt"/>
        <line num="284" count="114" type="stmt"/>
        <line num="286" count="114" type="cond" truecount="2" falsecount="0"/>
        <line num="288" count="38" type="stmt"/>
        <line num="289" count="38" type="stmt"/>
        <line num="294" count="125" type="stmt"/>
        <line num="299" count="92" type="stmt"/>
        <line num="305" count="44" type="stmt"/>
        <line num="306" count="44" type="stmt"/>
        <line num="308" count="44" type="stmt"/>
        <line num="310" count="44" type="stmt"/>
        <line num="312" count="92" type="stmt"/>
        <line num="314" count="92" type="stmt"/>
        <line num="316" count="92" type="cond" truecount="2" falsecount="0"/>
        <line num="317" count="68" type="stmt"/>
        <line num="318" count="24" type="cond" truecount="1" falsecount="1"/>
        <line num="319" count="24" type="stmt"/>
        <line num="322" count="92" type="stmt"/>
        <line num="325" count="44" type="stmt"/>
        <line num="326" count="44" type="cond" truecount="2" falsecount="0"/>
        <line num="327" count="1" type="stmt"/>
        <line num="330" count="44" type="cond" truecount="2" falsecount="0"/>
        <line num="331" count="1" type="stmt"/>
        <line num="334" count="43" type="stmt"/>
        <line num="340" count="43" type="stmt"/>
        <line num="342" count="43" type="cond" truecount="2" falsecount="0"/>
        <line num="344" count="42" type="stmt"/>
        <line num="346" count="125" type="cond" truecount="2" falsecount="0"/>
        <line num="347" count="79" type="stmt"/>
        <line num="349" count="46" type="stmt"/>
        <line num="352" count="125" type="stmt"/>
        <line num="356" count="42" type="stmt"/>
        <line num="357" count="42" type="stmt"/>
        <line num="360" count="1" type="stmt"/>
        <line num="366" count="42" type="stmt"/>
        <line num="367" count="46" type="stmt"/>
        <line num="369" count="46" type="stmt"/>
        <line num="370" count="46" type="stmt"/>
        <line num="376" count="42" type="stmt"/>
        <line num="377" count="79" type="stmt"/>
        <line num="379" count="79" type="stmt"/>
        <line num="380" count="79" type="stmt"/>
        <line num="386" count="42" type="cond" truecount="4" falsecount="0"/>
        <line num="387" count="39" type="stmt"/>
        <line num="388" count="39" type="stmt"/>
        <line num="393" count="40" type="cond" truecount="4" falsecount="0"/>
        <line num="394" count="2" type="stmt"/>
        <line num="395" count="2" type="stmt"/>
        <line num="400" count="40" type="cond" truecount="4" falsecount="0"/>
        <line num="401" count="3" type="stmt"/>
        <line num="402" count="3" type="stmt"/>
      </file>
      <file name="ConditionalRule.ts" path="C:\typescript\laravel-like-validation\src\base\ConditionalRule.ts">
        <metrics statements="26" coveredstatements="26" conditionals="24" coveredconditionals="23" methods="6" coveredmethods="6"/>
        <line num="3" count="124" type="stmt"/>
        <line num="4" count="124" type="stmt"/>
        <line num="5" count="124" type="stmt"/>
        <line num="8" count="6" type="stmt"/>
        <line num="9" count="6" type="stmt"/>
        <line num="13" count="5" type="stmt"/>
        <line num="14" count="5" type="stmt"/>
        <line num="19" count="41" type="cond" truecount="2" falsecount="0"/>
        <line num="20" count="30" type="stmt"/>
        <line num="23" count="11" type="stmt"/>
        <line num="31" count="34" type="stmt"/>
        <line num="32" count="34" type="stmt"/>
        <line num="34" count="34" type="cond" truecount="4" falsecount="0"/>
        <line num="35" count="5" type="stmt"/>
        <line num="37" count="34" type="cond" truecount="4" falsecount="0"/>
        <line num="38" count="4" type="stmt"/>
        <line num="41" count="34" type="cond" truecount="2" falsecount="0"/>
        <line num="42" count="6" type="stmt"/>
        <line num="44" count="34" type="cond" truecount="2" falsecount="0"/>
        <line num="45" count="1" type="stmt"/>
        <line num="48" count="34" type="cond" truecount="2" falsecount="0"/>
        <line num="49" count="10" type="cond" truecount="2" falsecount="0"/>
        <line num="51" count="34" type="cond" truecount="2" falsecount="0"/>
        <line num="52" count="2" type="cond" truecount="1" falsecount="1"/>
        <line num="55" count="34" type="stmt"/>
        <line num="59" count="12" type="cond" truecount="2" falsecount="0"/>
      </file>
    </package>
    <package name="src.contracts">
      <metrics statements="0" coveredstatements="0" conditionals="0" coveredconditionals="0" methods="0" coveredmethods="0"/>
      <file name="IRuleObject.ts" path="C:\typescript\laravel-like-validation\src\contracts\IRuleObject.ts">
        <metrics statements="0" coveredstatements="0" conditionals="0" coveredconditionals="0" methods="0" coveredmethods="0"/>
      </file>
    </package>
    <package name="src.errors">
      <metrics statements="3" coveredstatements="3" conditionals="0" coveredconditionals="0" methods="1" coveredmethods="1"/>
      <file name="ValidationError.ts" path="C:\typescript\laravel-like-validation\src\errors\ValidationError.ts">
        <metrics statements="3" coveredstatements="3" conditionals="0" coveredconditionals="0" methods="1" coveredmethods="1"/>
        <line num="4" count="29" type="stmt"/>
        <line num="8" count="29" type="stmt"/>
        <line num="9" count="29" type="stmt"/>
      </file>
    </package>
    <package name="src.facades">
      <metrics statements="7" coveredstatements="7" conditionals="2" coveredconditionals="2" methods="6" coveredmethods="6"/>
      <file name="Rule.ts" path="C:\typescript\laravel-like-validation\src\facades\Rule.ts">
        <metrics statements="2" coveredstatements="2" conditionals="0" coveredconditionals="0" methods="2" coveredmethods="2"/>
        <line num="7" count="1" type="stmt"/>
        <line num="11" count="1" type="stmt"/>
      </file>
      <file name="Validation.ts" path="C:\typescript\laravel-like-validation\src\facades\Validation.ts">
        <metrics statements="5" coveredstatements="5" conditionals="2" coveredconditionals="2" methods="4" coveredmethods="4"/>
        <line num="8" count="27" type="stmt"/>
        <line num="10" count="25" type="stmt"/>
        <line num="14" count="25" type="stmt"/>
        <line num="18" count="25" type="stmt"/>
        <line num="22" count="27" type="stmt"/>
      </file>
    </package>
    <package name="src.factories">
      <metrics statements="9" coveredstatements="9" conditionals="0" coveredconditionals="0" methods="2" coveredmethods="2"/>
      <file name="ValidationFactory.ts" path="C:\typescript\laravel-like-validation\src\factories\ValidationFactory.ts">
        <metrics statements="9" coveredstatements="9" conditionals="0" coveredconditionals="0" methods="2" coveredmethods="2"/>
        <line num="12" count="46" type="stmt"/>
        <line num="13" count="46" type="stmt"/>
        <line num="18" count="45" type="stmt"/>
        <line num="20" count="45" type="stmt"/>
        <line num="21" count="45" type="stmt"/>
        <line num="23" count="45" type="stmt"/>
        <line num="25" count="45" type="stmt"/>
        <line num="26" count="45" type="stmt"/>
        <line num="28" count="45" type="stmt"/>
      </file>
    </package>
    <package name="src.rules">
      <metrics statements="171" coveredstatements="162" conditionals="120" coveredconditionals="107" methods="55" coveredmethods="49"/>
      <file name="Accepted.ts" path="C:\typescript\laravel-like-validation\src\rules\Accepted.ts">
        <metrics statements="4" coveredstatements="2" conditionals="7" coveredconditionals="0" methods="3" coveredmethods="1"/>
        <line num="3" count="46" type="stmt"/>
        <line num="4" count="46" type="stmt"/>
        <line num="7" count="0" type="cond" truecount="0" falsecount="6"/>
        <line num="11" count="0" type="stmt"/>
      </file>
      <file name="Alpha.ts" path="C:\typescript\laravel-like-validation\src\rules\Alpha.ts">
        <metrics statements="7" coveredstatements="2" conditionals="3" coveredconditionals="0" methods="3" coveredmethods="1"/>
        <line num="3" count="46" type="stmt"/>
        <line num="4" count="46" type="stmt"/>
        <line num="8" count="0" type="cond" truecount="0" falsecount="2"/>
        <line num="9" count="0" type="stmt"/>
        <line num="10" count="0" type="stmt"/>
        <line num="13" count="0" type="stmt"/>
        <line num="17" count="0" type="stmt"/>
      </file>
      <file name="Between.ts" path="C:\typescript\laravel-like-validation\src\rules\Between.ts">
        <metrics statements="35" coveredstatements="35" conditionals="23" coveredconditionals="22" methods="8" coveredmethods="8"/>
        <line num="5" count="65" type="stmt"/>
        <line num="6" count="65" type="stmt"/>
        <line num="8" count="65" type="stmt"/>
        <line num="9" count="65" type="stmt"/>
        <line num="12" count="4" type="stmt"/>
        <line num="13" count="4" type="stmt"/>
        <line num="17" count="4" type="stmt"/>
        <line num="18" count="4" type="stmt"/>
        <line num="22" count="39" type="cond" truecount="2" falsecount="0"/>
        <line num="23" count="33" type="stmt"/>
        <line num="25" count="65" type="cond" truecount="1" falsecount="1"/>
        <line num="26" count="65" type="stmt"/>
        <line num="28" count="65" type="cond" truecount="2" falsecount="0"/>
        <line num="29" count="2" type="stmt"/>
        <line num="33" count="63" type="stmt"/>
        <line num="37" count="6" type="stmt"/>
        <line num="45" count="31" type="cond" truecount="2" falsecount="0"/>
        <line num="46" count="25" type="cond" truecount="2" falsecount="0"/>
        <line num="47" count="21" type="cond" truecount="2" falsecount="0"/>
        <line num="49" count="9" type="stmt"/>
        <line num="54" count="36" type="stmt"/>
        <line num="56" count="36" type="cond" truecount="2" falsecount="0"/>
        <line num="57" count="2" type="stmt"/>
        <line num="58" count="2" type="stmt"/>
        <line num="61" count="34" type="cond" truecount="4" falsecount="0"/>
        <line num="62" count="3" type="stmt"/>
        <line num="63" count="3" type="stmt"/>
        <line num="66" count="31" type="cond" truecount="2" falsecount="0"/>
        <line num="67" count="9" type="stmt"/>
        <line num="68" count="9" type="stmt"/>
        <line num="71" count="22" type="stmt"/>
        <line num="72" count="22" type="stmt"/>
        <line num="74" count="22" type="cond" truecount="2" falsecount="0"/>
        <line num="78" count="3" type="stmt"/>
        <line num="79" count="3" type="stmt"/>
      </file>
      <file name="CastBoolean.ts" path="C:\typescript\laravel-like-validation\src\rules\CastBoolean.ts">
        <metrics statements="5" coveredstatements="5" conditionals="7" coveredconditionals="7" methods="4" coveredmethods="4"/>
        <line num="3" count="54" type="stmt"/>
        <line num="4" count="54" type="stmt"/>
        <line num="7" count="17" type="cond" truecount="6" falsecount="0"/>
        <line num="11" count="2" type="stmt"/>
        <line num="18" count="108" type="stmt"/>
      </file>
      <file name="Declined.ts" path="C:\typescript\laravel-like-validation\src\rules\Declined.ts">
        <metrics statements="13" coveredstatements="13" conditionals="15" coveredconditionals="15" methods="3" coveredmethods="3"/>
        <line num="3" count="59" type="stmt"/>
        <line num="4" count="59" type="stmt"/>
        <line num="8" count="12" type="cond" truecount="4" falsecount="0"/>
        <line num="9" count="1" type="stmt"/>
        <line num="12" count="11" type="cond" truecount="2" falsecount="0"/>
        <line num="13" count="2" type="stmt"/>
        <line num="16" count="9" type="cond" truecount="2" falsecount="0"/>
        <line num="17" count="2" type="stmt"/>
        <line num="20" count="7" type="cond" truecount="2" falsecount="0"/>
        <line num="21" count="6" type="stmt"/>
        <line num="22" count="6" type="cond" truecount="4" falsecount="0"/>
        <line num="25" count="1" type="stmt"/>
        <line num="29" count="2" type="stmt"/>
      </file>
      <file name="IsArray.ts" path="C:\typescript\laravel-like-validation\src\rules\IsArray.ts">
        <metrics statements="4" coveredstatements="4" conditionals="1" coveredconditionals="1" methods="3" coveredmethods="3"/>
        <line num="3" count="54" type="stmt"/>
        <line num="4" count="54" type="stmt"/>
        <line num="7" count="17" type="stmt"/>
        <line num="11" count="7" type="stmt"/>
      </file>
      <file name="Max.ts" path="C:\typescript\laravel-like-validation\src\rules\Max.ts">
        <metrics statements="23" coveredstatements="23" conditionals="11" coveredconditionals="11" methods="4" coveredmethods="4"/>
        <line num="3" count="93" type="stmt"/>
        <line num="4" count="93" type="stmt"/>
        <line num="5" count="93" type="stmt"/>
        <line num="8" count="58" type="stmt"/>
        <line num="10" count="58" type="cond" truecount="2" falsecount="0"/>
        <line num="11" count="5" type="stmt"/>
        <line num="12" count="5" type="stmt"/>
        <line num="15" count="53" type="stmt"/>
        <line num="17" count="53" type="stmt"/>
        <line num="19" count="53" type="cond" truecount="2" falsecount="0"/>
        <line num="20" count="2" type="stmt"/>
        <line num="21" count="2" type="stmt"/>
        <line num="24" count="51" type="stmt"/>
        <line num="28" count="2" type="stmt"/>
        <line num="35" count="58" type="stmt"/>
        <line num="37" count="58" type="cond" truecount="2" falsecount="0"/>
        <line num="38" count="10" type="stmt"/>
        <line num="39" count="48" type="cond" truecount="2" falsecount="0"/>
        <line num="40" count="21" type="stmt"/>
        <line num="41" count="27" type="cond" truecount="2" falsecount="0"/>
        <line num="42" count="22" type="stmt"/>
        <line num="44" count="5" type="stmt"/>
        <line num="47" count="58" type="stmt"/>
      </file>
      <file name="Min.ts" path="C:\typescript\laravel-like-validation\src\rules\Min.ts">
        <metrics statements="19" coveredstatements="19" conditionals="9" coveredconditionals="9" methods="3" coveredmethods="3"/>
        <line num="3" count="81" type="stmt"/>
        <line num="4" count="81" type="stmt"/>
        <line num="8" count="47" type="stmt"/>
        <line num="9" count="47" type="stmt"/>
        <line num="10" count="47" type="stmt"/>
        <line num="12" count="47" type="stmt"/>
        <line num="14" count="47" type="stmt"/>
        <line num="16" count="47" type="cond" truecount="2" falsecount="0"/>
        <line num="17" count="3" type="stmt"/>
        <line num="18" count="3" type="stmt"/>
        <line num="21" count="44" type="cond" truecount="4" falsecount="0"/>
        <line num="22" count="29" type="stmt"/>
        <line num="23" count="29" type="stmt"/>
        <line num="24" count="15" type="cond" truecount="2" falsecount="0"/>
        <line num="25" count="13" type="stmt"/>
        <line num="26" count="13" type="stmt"/>
        <line num="29" count="2" type="stmt"/>
        <line num="33" count="2" type="stmt"/>
        <line num="37" count="14" type="stmt"/>
      </file>
      <file name="Nullable.ts" path="C:\typescript\laravel-like-validation\src\rules\Nullable.ts">
        <metrics statements="8" coveredstatements="8" conditionals="5" coveredconditionals="5" methods="3" coveredmethods="3"/>
        <line num="3" count="54" type="stmt"/>
        <line num="4" count="54" type="stmt"/>
        <line num="5" count="54" type="stmt"/>
        <line num="11" count="5" type="cond" truecount="2" falsecount="0"/>
        <line num="12" count="1" type="stmt"/>
        <line num="15" count="4" type="stmt"/>
        <line num="18" count="4" type="cond" truecount="2" falsecount="0"/>
        <line num="22" count="2" type="stmt"/>
      </file>
      <file name="Numeric.ts" path="C:\typescript\laravel-like-validation\src\rules\Numeric.ts">
        <metrics statements="4" coveredstatements="4" conditionals="1" coveredconditionals="1" methods="3" coveredmethods="3"/>
        <line num="3" count="47" type="stmt"/>
        <line num="4" count="47" type="stmt"/>
        <line num="7" count="15" type="stmt"/>
        <line num="11" count="3" type="stmt"/>
      </file>
      <file name="Present.ts" path="C:\typescript\laravel-like-validation\src\rules\Present.ts">
        <metrics statements="4" coveredstatements="2" conditionals="1" coveredconditionals="0" methods="3" coveredmethods="1"/>
        <line num="3" count="46" type="stmt"/>
        <line num="4" count="46" type="stmt"/>
        <line num="7" count="0" type="stmt"/>
        <line num="11" count="0" type="stmt"/>
      </file>
      <file name="PresentIf.ts" path="C:\typescript\laravel-like-validation\src\rules\PresentIf.ts">
        <metrics statements="10" coveredstatements="10" conditionals="5" coveredconditionals="5" methods="3" coveredmethods="3"/>
        <line num="3" count="67" type="stmt"/>
        <line num="4" count="67" type="stmt"/>
        <line num="7" count="23" type="stmt"/>
        <line num="9" count="23" type="cond" truecount="2" falsecount="0"/>
        <line num="11" count="12" type="cond" truecount="2" falsecount="0"/>
        <line num="12" count="4" type="stmt"/>
        <line num="14" count="8" type="stmt"/>
        <line num="19" count="11" type="stmt"/>
        <line num="23" count="4" type="stmt"/>
        <line num="25" count="4" type="stmt"/>
      </file>
      <file name="Prohibited.ts" path="C:\typescript\laravel-like-validation\src\rules\Prohibited.ts">
        <metrics statements="10" coveredstatements="10" conditionals="9" coveredconditionals="9" methods="3" coveredmethods="3"/>
        <line num="3" count="56" type="stmt"/>
        <line num="4" count="56" type="stmt"/>
        <line num="8" count="8" type="cond" truecount="4" falsecount="0"/>
        <line num="9" count="3" type="stmt"/>
        <line num="12" count="5" type="stmt"/>
        <line num="13" count="5" type="stmt"/>
        <line num="15" count="5" type="cond" truecount="4" falsecount="0"/>
        <line num="16" count="4" type="stmt"/>
        <line num="19" count="1" type="stmt"/>
        <line num="23" count="3" type="stmt"/>
      </file>
      <file name="ProhibitedIf.ts" path="C:\typescript\laravel-like-validation\src\rules\ProhibitedIf.ts">
        <metrics statements="16" coveredstatements="16" conditionals="11" coveredconditionals="10" methods="3" coveredmethods="3"/>
        <line num="3" count="57" type="stmt"/>
        <line num="4" count="57" type="stmt"/>
        <line num="5" count="57" type="stmt"/>
        <line num="8" count="11" type="stmt"/>
        <line num="10" count="11" type="cond" truecount="2" falsecount="0"/>
        <line num="12" count="8" type="cond" truecount="2" falsecount="0"/>
        <line num="13" count="2" type="stmt"/>
        <line num="16" count="6" type="cond" truecount="2" falsecount="0"/>
        <line num="17" count="1" type="stmt"/>
        <line num="20" count="5" type="stmt"/>
        <line num="21" count="5" type="stmt"/>
        <line num="23" count="5" type="cond" truecount="3" falsecount="1"/>
        <line num="24" count="5" type="stmt"/>
        <line num="29" count="3" type="stmt"/>
        <line num="33" count="3" type="stmt"/>
        <line num="35" count="3" type="stmt"/>
      </file>
      <file name="RegexMatch.ts" path="C:\typescript\laravel-like-validation\src\rules\RegexMatch.ts">
        <metrics statements="5" coveredstatements="5" conditionals="3" coveredconditionals="3" methods="3" coveredmethods="3"/>
        <line num="4" count="57" type="stmt"/>
        <line num="5" count="57" type="stmt"/>
        <line num="8" count="7" type="stmt"/>
        <line num="9" count="7" type="cond" truecount="2" falsecount="0"/>
        <line num="13" count="2" type="stmt"/>
      </file>
      <file name="Required.ts" path="C:\typescript\laravel-like-validation\src\rules\Required.ts">
        <metrics statements="4" coveredstatements="4" conditionals="9" coveredconditionals="9" methods="3" coveredmethods="3"/>
        <line num="3" count="57" type="stmt"/>
        <line num="4" count="57" type="stmt"/>
        <line num="8" count="56" type="stmt"/>
        <line num="19" count="16" type="stmt"/>
      </file>
    </package>
    <package name="src.types">
      <metrics statements="0" coveredstatements="0" conditionals="0" coveredconditionals="0" methods="0" coveredmethods="0"/>
      <file name="Request.ts" path="C:\typescript\laravel-like-validation\src\types\Request.ts">
        <metrics statements="0" coveredstatements="0" conditionals="0" coveredconditionals="0" methods="0" coveredmethods="0"/>
      </file>
    </package>
  </project>
</coverage>
