{"C:\\typescript\\laravel-like-validation\\src\\ValidationHandler.ts": {"path":"C:\\typescript\\laravel-like-validation\\src\\ValidationHandler.ts","statementMap":{"0":{"start":{"line":12,"column":8},"end":{"line":12,"column":null}},"1":{"start":{"line":13,"column":8},"end":{"line":13,"column":null}},"2":{"start":{"line":17,"column":8},"end":{"line":17,"column":null}},"3":{"start":{"line":21,"column":50},"end":{"line":21,"column":null}},"4":{"start":{"line":23,"column":8},"end":{"line":30,"column":null}},"5":{"start":{"line":24,"column":12},"end":{"line":28,"column":null}},"6":{"start":{"line":25,"column":16},"end":{"line":25,"column":null}},"7":{"start":{"line":27,"column":16},"end":{"line":27,"column":null}},"8":{"start":{"line":31,"column":8},"end":{"line":31,"column":null}},"9":{"start":{"line":35,"column":50},"end":{"line":35,"column":null}},"10":{"start":{"line":37,"column":8},"end":{"line":39,"column":null}},"11":{"start":{"line":38,"column":12},"end":{"line":38,"column":null}},"12":{"start":{"line":40,"column":8},"end":{"line":40,"column":null}},"13":{"start":{"line":45,"column":8},"end":{"line":74,"column":null}},"14":{"start":{"line":47,"column":80},"end":{"line":51,"column":null}},"15":{"start":{"line":53,"column":40},"end":{"line":53,"column":null}},"16":{"start":{"line":55,"column":12},"end":{"line":55,"column":null}},"17":{"start":{"line":56,"column":12},"end":{"line":56,"column":null}},"18":{"start":{"line":60,"column":12},"end":{"line":60,"column":null}},"19":{"start":{"line":62,"column":12},"end":{"line":64,"column":null}},"20":{"start":{"line":63,"column":16},"end":{"line":63,"column":null}},"21":{"start":{"line":66,"column":12},"end":{"line":66,"column":null}},"22":{"start":{"line":69,"column":12},"end":{"line":73,"column":null}},"23":{"start":{"line":70,"column":16},"end":{"line":70,"column":null}},"24":{"start":{"line":72,"column":16},"end":{"line":72,"column":null}},"25":{"start":{"line":79,"column":8},"end":{"line":79,"column":null}}},"fnMap":{"0":{"name":"(anonymous_0)","decl":{"start":{"line":11,"column":4},"end":{"line":11,"column":16}},"loc":{"start":{"line":11,"column":62},"end":{"line":14,"column":null}},"line":11},"1":{"name":"(anonymous_1)","decl":{"start":{"line":16,"column":4},"end":{"line":16,"column":25}},"loc":{"start":{"line":16,"column":72},"end":{"line":18,"column":null}},"line":16},"2":{"name":"(anonymous_2)","decl":{"start":{"line":20,"column":12},"end":{"line":20,"column":24}},"loc":{"start":{"line":20,"column":62},"end":{"line":32,"column":null}},"line":20},"3":{"name":"(anonymous_3)","decl":{"start":{"line":34,"column":12},"end":{"line":34,"column":27}},"loc":{"start":{"line":34,"column":69},"end":{"line":41,"column":null}},"line":34},"4":{"name":"(anonymous_4)","decl":{"start":{"line":43,"column":18},"end":{"line":43,"column":39}},"loc":{"start":{"line":43,"column":99},"end":{"line":75,"column":null}},"line":43},"5":{"name":"(anonymous_5)","decl":{"start":{"line":77,"column":4},"end":{"line":77,"column":21}},"loc":{"start":{"line":77,"column":21},"end":{"line":81,"column":null}},"line":77}},"branchMap":{"0":{"loc":{"start":{"line":24,"column":12},"end":{"line":28,"column":null}},"type":"if","locations":[{"start":{"line":24,"column":12},"end":{"line":28,"column":null}},{"start":{"line":26,"column":19},"end":{"line":28,"column":null}}],"line":24},"1":{"loc":{"start":{"line":62,"column":12},"end":{"line":64,"column":null}},"type":"if","locations":[{"start":{"line":62,"column":12},"end":{"line":64,"column":null}},{"start":{},"end":{}}],"line":62},"2":{"loc":{"start":{"line":62,"column":16},"end":{"line":62,"column":76}},"type":"binary-expr","locations":[{"start":{"line":62,"column":16},"end":{"line":62,"column":57}},{"start":{"line":62,"column":57},"end":{"line":62,"column":76}}],"line":62},"3":{"loc":{"start":{"line":69,"column":12},"end":{"line":73,"column":null}},"type":"if","locations":[{"start":{"line":69,"column":12},"end":{"line":73,"column":null}},{"start":{"line":71,"column":19},"end":{"line":73,"column":null}}],"line":69},"4":{"loc":{"start":{"line":69,"column":16},"end":{"line":69,"column":96}},"type":"binary-expr","locations":[{"start":{"line":69,"column":16},"end":{"line":69,"column":62}},{"start":{"line":69,"column":62},"end":{"line":69,"column":96}}],"line":69}},"s":{"0":40,"1":40,"2":40,"3":98,"4":98,"5":106,"6":64,"7":42,"8":98,"9":34,"10":34,"11":28,"12":34,"13":36,"14":36,"15":36,"16":34,"17":34,"18":34,"19":34,"20":20,"21":14,"22":22,"23":20,"24":2,"25":40},"f":{"0":40,"1":40,"2":98,"3":34,"4":36,"5":40},"b":{"0":[64,42],"1":[20,14],"2":[34,21],"3":[20,2],"4":[22,22]},"meta":{"lastBranch":5,"lastFunction":6,"lastStatement":26,"seen":{"f:11:4:11:16":0,"s:12:8:12:Infinity":0,"s:13:8:13:Infinity":1,"f:16:4:16:25":1,"s:17:8:17:Infinity":2,"f:20:12:20:24":2,"s:21:50:21:Infinity":3,"s:23:8:30:Infinity":4,"b:24:12:28:Infinity:26:19:28:Infinity":0,"s:24:12:28:Infinity":5,"s:25:16:25:Infinity":6,"s:27:16:27:Infinity":7,"s:31:8:31:Infinity":8,"f:34:12:34:27":3,"s:35:50:35:Infinity":9,"s:37:8:39:Infinity":10,"s:38:12:38:Infinity":11,"s:40:8:40:Infinity":12,"f:43:18:43:39":4,"s:45:8:74:Infinity":13,"s:47:80:51:Infinity":14,"s:53:40:53:Infinity":15,"s:55:12:55:Infinity":16,"s:56:12:56:Infinity":17,"s:60:12:60:Infinity":18,"b:62:12:64:Infinity:undefined:undefined:undefined:undefined":1,"s:62:12:64:Infinity":19,"b:62:16:62:57:62:57:62:76":2,"s:63:16:63:Infinity":20,"s:66:12:66:Infinity":21,"b:69:12:73:Infinity:71:19:73:Infinity":3,"s:69:12:73:Infinity":22,"b:69:16:69:62:69:62:69:96":4,"s:70:16:70:Infinity":23,"s:72:16:72:Infinity":24,"f:77:4:77:21":5,"s:79:8:79:Infinity":25}}}
,"C:\\typescript\\laravel-like-validation\\src\\ValidationSet.ts": {"path":"C:\\typescript\\laravel-like-validation\\src\\ValidationSet.ts","statementMap":{"0":{"start":{"line":8,"column":8},"end":{"line":14,"column":null}},"1":{"start":{"line":9,"column":12},"end":{"line":11,"column":null}},"2":{"start":{"line":10,"column":16},"end":{"line":10,"column":null}},"3":{"start":{"line":13,"column":12},"end":{"line":13,"column":null}}},"fnMap":{"0":{"name":"(anonymous_0)","decl":{"start":{"line":6,"column":4},"end":{"line":6,"column":8}},"loc":{"start":{"line":6,"column":40},"end":{"line":16,"column":null}},"line":6},"1":{"name":"(anonymous_1)","decl":{"start":{"line":9,"column":22},"end":{"line":9,"column":30}},"loc":{"start":{"line":9,"column":30},"end":{"line":11,"column":13}},"line":9}},"branchMap":{"0":{"loc":{"start":{"line":8,"column":8},"end":{"line":14,"column":null}},"type":"if","locations":[{"start":{"line":8,"column":8},"end":{"line":14,"column":null}},{"start":{"line":12,"column":15},"end":{"line":14,"column":null}}],"line":8}},"s":{"0":3,"1":1,"2":2,"3":2},"f":{"0":3,"1":2},"b":{"0":[1,2]},"meta":{"lastBranch":1,"lastFunction":2,"lastStatement":4,"seen":{"f:6:4:6:8":0,"b:8:8:14:Infinity:12:15:14:Infinity":0,"s:8:8:14:Infinity":0,"s:9:12:11:Infinity":1,"f:9:22:9:30":1,"s:10:16:10:Infinity":2,"s:13:12:13:Infinity":3}}}
,"C:\\typescript\\laravel-like-validation\\src\\Validator.ts": {"path":"C:\\typescript\\laravel-like-validation\\src\\Validator.ts","statementMap":{"0":{"start":{"line":9,"column":8},"end":{"line":9,"column":null}},"1":{"start":{"line":13,"column":8},"end":{"line":13,"column":null}},"2":{"start":{"line":18,"column":8},"end":{"line":18,"column":null}},"3":{"start":{"line":20,"column":8},"end":{"line":20,"column":null}},"4":{"start":{"line":21,"column":8},"end":{"line":21,"column":null}},"5":{"start":{"line":22,"column":8},"end":{"line":22,"column":null}},"6":{"start":{"line":24,"column":8},"end":{"line":24,"column":null}},"7":{"start":{"line":26,"column":8},"end":{"line":29,"column":null}}},"fnMap":{"0":{"name":"(anonymous_0)","decl":{"start":{"line":8,"column":11},"end":{"line":8,"column":25}},"loc":{"start":{"line":8,"column":59},"end":{"line":10,"column":null}},"line":8},"1":{"name":"(anonymous_1)","decl":{"start":{"line":12,"column":11},"end":{"line":12,"column":28}},"loc":{"start":{"line":12,"column":65},"end":{"line":14,"column":null}},"line":12},"2":{"name":"(anonymous_2)","decl":{"start":{"line":16,"column":17},"end":{"line":16,"column":26}},"loc":{"start":{"line":16,"column":67},"end":{"line":31,"column":null}},"line":16}},"branchMap":{},"s":{"0":40,"1":40,"2":36,"3":36,"4":34,"5":34,"6":34,"7":34},"f":{"0":40,"1":40,"2":36},"b":{},"meta":{"lastBranch":0,"lastFunction":3,"lastStatement":8,"seen":{"f:8:11:8:25":0,"s:9:8:9:Infinity":0,"f:12:11:12:28":1,"s:13:8:13:Infinity":1,"f:16:17:16:26":2,"s:18:8:18:Infinity":2,"s:20:8:20:Infinity":3,"s:21:8:21:Infinity":4,"s:22:8:22:Infinity":5,"s:24:8:24:Infinity":6,"s:26:8:29:Infinity":7}}}
,"C:\\typescript\\laravel-like-validation\\src\\base\\BaseRule.ts": {"path":"C:\\typescript\\laravel-like-validation\\src\\base\\BaseRule.ts","statementMap":{"0":{"start":{"line":2,"column":4},"end":{"line":2,"column":null}},"1":{"start":{"line":3,"column":4},"end":{"line":3,"column":null}},"2":{"start":{"line":6,"column":8},"end":{"line":6,"column":null}},"3":{"start":{"line":10,"column":8},"end":{"line":10,"column":null}},"4":{"start":{"line":14,"column":8},"end":{"line":14,"column":null}},"5":{"start":{"line":21,"column":8},"end":{"line":24,"column":null}},"6":{"start":{"line":22,"column":31},"end":{"line":22,"column":null}},"7":{"start":{"line":23,"column":12},"end":{"line":23,"column":null}},"8":{"start":{"line":28,"column":8},"end":{"line":28,"column":null}},"9":{"start":{"line":28,"column":46},"end":{"line":28,"column":109}},"10":{"start":{"line":32,"column":8},"end":{"line":32,"column":null}},"11":{"start":{"line":32,"column":34},"end":{"line":32,"column":null}},"12":{"start":{"line":33,"column":8},"end":{"line":33,"column":null}},"13":{"start":{"line":33,"column":39},"end":{"line":33,"column":null}},"14":{"start":{"line":34,"column":8},"end":{"line":34,"column":null}},"15":{"start":{"line":34,"column":60},"end":{"line":34,"column":null}},"16":{"start":{"line":35,"column":8},"end":{"line":35,"column":null}}},"fnMap":{"0":{"name":"(anonymous_0)","decl":{"start":{"line":1,"column":0},"end":{"line":1,"column":15}},"loc":{"start":{"line":1,"column":0},"end":{"line":3,"column":null}},"line":1},"1":{"name":"(anonymous_1)","decl":{"start":{"line":5,"column":4},"end":{"line":5,"column":22}},"loc":{"start":{"line":5,"column":22},"end":{"line":7,"column":null}},"line":5},"2":{"name":"(anonymous_2)","decl":{"start":{"line":9,"column":4},"end":{"line":9,"column":23}},"loc":{"start":{"line":9,"column":23},"end":{"line":11,"column":null}},"line":9},"3":{"name":"(anonymous_3)","decl":{"start":{"line":13,"column":4},"end":{"line":13,"column":26}},"loc":{"start":{"line":13,"column":26},"end":{"line":15,"column":null}},"line":13},"4":{"name":"(anonymous_4)","decl":{"start":{"line":20,"column":14},"end":{"line":20,"column":30}},"loc":{"start":{"line":20,"column":78},"end":{"line":25,"column":null}},"line":20},"5":{"name":"(anonymous_5)","decl":{"start":{"line":21,"column":59},"end":{"line":21,"column":60}},"loc":{"start":{"line":21,"column":70},"end":{"line":24,"column":9}},"line":21},"6":{"name":"(anonymous_6)","decl":{"start":{"line":27,"column":12},"end":{"line":27,"column":34}},"loc":{"start":{"line":27,"column":56},"end":{"line":29,"column":null}},"line":27},"7":{"name":"(anonymous_7)","decl":{"start":{"line":28,"column":39},"end":{"line":28,"column":40}},"loc":{"start":{"line":28,"column":46},"end":{"line":28,"column":109}},"line":28},"8":{"name":"(anonymous_8)","decl":{"start":{"line":31,"column":14},"end":{"line":31,"column":25}},"loc":{"start":{"line":31,"column":47},"end":{"line":36,"column":null}},"line":31}},"branchMap":{"0":{"loc":{"start":{"line":21,"column":16},"end":{"line":21,"column":39}},"type":"binary-expr","locations":[{"start":{"line":21,"column":16},"end":{"line":21,"column":27}},{"start":{"line":21,"column":27},"end":{"line":21,"column":39}}],"line":21},"1":{"loc":{"start":{"line":28,"column":46},"end":{"line":28,"column":109}},"type":"cond-expr","locations":[{"start":{"line":28,"column":70},"end":{"line":28,"column":88}},{"start":{"line":28,"column":88},"end":{"line":28,"column":109}}],"line":28},"2":{"loc":{"start":{"line":32,"column":8},"end":{"line":32,"column":null}},"type":"if","locations":[{"start":{"line":32,"column":8},"end":{"line":32,"column":null}},{"start":{},"end":{}}],"line":32},"3":{"loc":{"start":{"line":33,"column":8},"end":{"line":33,"column":null}},"type":"if","locations":[{"start":{"line":33,"column":8},"end":{"line":33,"column":null}},{"start":{},"end":{}}],"line":33},"4":{"loc":{"start":{"line":34,"column":8},"end":{"line":34,"column":null}},"type":"if","locations":[{"start":{"line":34,"column":8},"end":{"line":34,"column":null}},{"start":{},"end":{}}],"line":34},"5":{"loc":{"start":{"line":34,"column":12},"end":{"line":34,"column":60}},"type":"binary-expr","locations":[{"start":{"line":34,"column":12},"end":{"line":34,"column":30}},{"start":{"line":34,"column":30},"end":{"line":34,"column":60}}],"line":34}},"s":{"0":721,"1":721,"2":1374,"3":8,"4":98,"5":51,"6":68,"7":68,"8":1374,"9":1718,"10":50,"11":0,"12":50,"13":45,"14":5,"15":2,"16":3},"f":{"0":721,"1":1374,"2":8,"3":98,"4":51,"5":68,"6":1374,"7":1718,"8":50},"b":{"0":[51,38],"1":[1374,344],"2":[0,50],"3":[45,5],"4":[2,3],"5":[5,4]},"meta":{"lastBranch":6,"lastFunction":9,"lastStatement":17,"seen":{"f:1:0:1:15":0,"s:2:4:2:Infinity":0,"s:3:4:3:Infinity":1,"f:5:4:5:22":1,"s:6:8:6:Infinity":2,"f:9:4:9:23":2,"s:10:8:10:Infinity":3,"f:13:4:13:26":3,"s:14:8:14:Infinity":4,"f:20:14:20:30":4,"s:21:8:24:Infinity":5,"b:21:16:21:27:21:27:21:39":0,"f:21:59:21:60":5,"s:22:31:22:Infinity":6,"s:23:12:23:Infinity":7,"f:27:12:27:34":6,"s:28:8:28:Infinity":8,"f:28:39:28:40":7,"s:28:46:28:109":9,"b:28:70:28:88:28:88:28:109":1,"f:31:14:31:25":8,"b:32:8:32:Infinity:undefined:undefined:undefined:undefined":2,"s:32:8:32:Infinity":10,"s:32:34:32:Infinity":11,"b:33:8:33:Infinity:undefined:undefined:undefined:undefined":3,"s:33:8:33:Infinity":12,"s:33:39:33:Infinity":13,"b:34:8:34:Infinity:undefined:undefined:undefined:undefined":4,"s:34:8:34:Infinity":14,"b:34:12:34:30:34:30:34:60":5,"s:34:60:34:Infinity":15,"s:35:8:35:Infinity":16}}}
,"C:\\typescript\\laravel-like-validation\\src\\base\\BaseValidation.ts": {"path":"C:\\typescript\\laravel-like-validation\\src\\base\\BaseValidation.ts","statementMap":{"0":{"start":{"line":7,"column":8},"end":{"line":7,"column":null}},"1":{"start":{"line":11,"column":8},"end":{"line":11,"column":null}}},"fnMap":{"0":{"name":"(anonymous_0)","decl":{"start":{"line":6,"column":4},"end":{"line":6,"column":42}},"loc":{"start":{"line":6,"column":42},"end":{"line":8,"column":null}},"line":6},"1":{"name":"(anonymous_1)","decl":{"start":{"line":10,"column":4},"end":{"line":10,"column":44}},"loc":{"start":{"line":10,"column":44},"end":{"line":12,"column":null}},"line":10}},"branchMap":{},"s":{"0":17,"1":17},"f":{"0":17,"1":17},"b":{},"meta":{"lastBranch":0,"lastFunction":2,"lastStatement":2,"seen":{"f:6:4:6:42":0,"s:7:8:7:Infinity":0,"f:10:4:10:44":1,"s:11:8:11:Infinity":1}}}
,"C:\\typescript\\laravel-like-validation\\src\\base\\BaseValidationFactory.ts": {"path":"C:\\typescript\\laravel-like-validation\\src\\base\\BaseValidationFactory.ts","statementMap":{"0":{"start":{"line":9,"column":4},"end":{"line":9,"column":null}},"1":{"start":{"line":12,"column":30},"end":{"line":12,"column":null}},"2":{"start":{"line":13,"column":8},"end":{"line":13,"column":null}},"3":{"start":{"line":17,"column":28},"end":{"line":17,"column":null}},"4":{"start":{"line":18,"column":8},"end":{"line":18,"column":null}},"5":{"start":{"line":22,"column":8},"end":{"line":22,"column":null}},"6":{"start":{"line":23,"column":8},"end":{"line":23,"column":null}},"7":{"start":{"line":27,"column":8},"end":{"line":27,"column":null}},"8":{"start":{"line":28,"column":8},"end":{"line":28,"column":null}},"9":{"start":{"line":32,"column":8},"end":{"line":32,"column":null}},"10":{"start":{"line":33,"column":8},"end":{"line":33,"column":null}}},"fnMap":{"0":{"name":"(anonymous_0)","decl":{"start":{"line":6,"column":0},"end":{"line":6,"column":15}},"loc":{"start":{"line":6,"column":0},"end":{"line":9,"column":null}},"line":6},"1":{"name":"(anonymous_1)","decl":{"start":{"line":11,"column":14},"end":{"line":11,"column":59}},"loc":{"start":{"line":11,"column":59},"end":{"line":14,"column":null}},"line":11},"2":{"name":"(anonymous_2)","decl":{"start":{"line":16,"column":14},"end":{"line":16,"column":49}},"loc":{"start":{"line":16,"column":49},"end":{"line":19,"column":null}},"line":16},"3":{"name":"(anonymous_3)","decl":{"start":{"line":21,"column":4},"end":{"line":21,"column":40}},"loc":{"start":{"line":21,"column":40},"end":{"line":24,"column":null}},"line":21},"4":{"name":"(anonymous_4)","decl":{"start":{"line":26,"column":4},"end":{"line":26,"column":22}},"loc":{"start":{"line":26,"column":76},"end":{"line":29,"column":null}},"line":26},"5":{"name":"(anonymous_5)","decl":{"start":{"line":31,"column":4},"end":{"line":31,"column":24}},"loc":{"start":{"line":31,"column":88},"end":{"line":34,"column":null}},"line":31}},"branchMap":{"0":{"loc":{"start":{"line":12,"column":30},"end":{"line":12,"column":null}},"type":"binary-expr","locations":[{"start":{"line":12,"column":30},"end":{"line":12,"column":54}},{"start":{"line":12,"column":54},"end":{"line":12,"column":null}}],"line":12},"1":{"loc":{"start":{"line":17,"column":28},"end":{"line":17,"column":null}},"type":"binary-expr","locations":[{"start":{"line":17,"column":28},"end":{"line":17,"column":50}},{"start":{"line":17,"column":50},"end":{"line":17,"column":null}}],"line":17}},"s":{"0":40,"1":39,"2":39,"3":39,"4":39,"5":1,"6":1,"7":3,"8":3,"9":1,"10":1},"f":{"0":40,"1":39,"2":39,"3":1,"4":3,"5":1},"b":{"0":[39,38],"1":[39,36]},"meta":{"lastBranch":2,"lastFunction":6,"lastStatement":11,"seen":{"f:6:0:6:15":0,"s:9:4:9:Infinity":0,"f:11:14:11:59":1,"s:12:30:12:Infinity":1,"b:12:30:12:54:12:54:12:Infinity":0,"s:13:8:13:Infinity":2,"f:16:14:16:49":2,"s:17:28:17:Infinity":3,"b:17:28:17:50:17:50:17:Infinity":1,"s:18:8:18:Infinity":4,"f:21:4:21:40":3,"s:22:8:22:Infinity":5,"s:23:8:23:Infinity":6,"f:26:4:26:22":4,"s:27:8:27:Infinity":7,"s:28:8:28:Infinity":8,"f:31:4:31:24":5,"s:32:8:32:Infinity":9,"s:33:8:33:Infinity":10}}}
,"C:\\typescript\\laravel-like-validation\\src\\base\\BaseValidationSet.ts": {"path":"C:\\typescript\\laravel-like-validation\\src\\base\\BaseValidationSet.ts","statementMap":{"0":{"start":{"line":23,"column":8},"end":{"line":23,"column":null}},"1":{"start":{"line":27,"column":25},"end":{"line":27,"column":null}},"2":{"start":{"line":28,"column":27},"end":{"line":28,"column":null}},"3":{"start":{"line":29,"column":20},"end":{"line":29,"column":null}},"4":{"start":{"line":30,"column":20},"end":{"line":30,"column":null}},"5":{"start":{"line":31,"column":24},"end":{"line":31,"column":null}},"6":{"start":{"line":32,"column":24},"end":{"line":32,"column":null}},"7":{"start":{"line":33,"column":26},"end":{"line":33,"column":null}},"8":{"start":{"line":34,"column":25},"end":{"line":34,"column":null}},"9":{"start":{"line":35,"column":25},"end":{"line":35,"column":null}},"10":{"start":{"line":36,"column":22},"end":{"line":36,"column":null}},"11":{"start":{"line":37,"column":24},"end":{"line":37,"column":null}},"12":{"start":{"line":38,"column":24},"end":{"line":38,"column":null}},"13":{"start":{"line":39,"column":24},"end":{"line":39,"column":null}},"14":{"start":{"line":40,"column":25},"end":{"line":40,"column":null}},"15":{"start":{"line":42,"column":8},"end":{"line":57,"column":null}},"16":{"start":{"line":64,"column":8},"end":{"line":64,"column":null}},"17":{"start":{"line":68,"column":22},"end":{"line":68,"column":null}},"18":{"start":{"line":69,"column":22},"end":{"line":69,"column":null}},"19":{"start":{"line":71,"column":8},"end":{"line":71,"column":null}}},"fnMap":{"0":{"name":"(anonymous_0)","decl":{"start":{"line":22,"column":4},"end":{"line":22,"column":16}},"loc":{"start":{"line":22,"column":34},"end":{"line":24,"column":null}},"line":22},"1":{"name":"(anonymous_1)","decl":{"start":{"line":26,"column":12},"end":{"line":26,"column":37}},"loc":{"start":{"line":26,"column":37},"end":{"line":58,"column":null}},"line":26},"2":{"name":"(anonymous_2)","decl":{"start":{"line":63,"column":4},"end":{"line":63,"column":25}},"loc":{"start":{"line":63,"column":25},"end":{"line":65,"column":null}},"line":63},"3":{"name":"(anonymous_3)","decl":{"start":{"line":67,"column":4},"end":{"line":67,"column":14}},"loc":{"start":{"line":67,"column":35},"end":{"line":72,"column":null}},"line":67}},"branchMap":{"0":{"loc":{"start":{"line":23,"column":21},"end":{"line":23,"column":null}},"type":"binary-expr","locations":[{"start":{"line":23,"column":21},"end":{"line":23,"column":30}},{"start":{"line":23,"column":30},"end":{"line":23,"column":null}}],"line":23}},"s":{"0":40,"1":40,"2":40,"3":40,"4":40,"5":40,"6":40,"7":40,"8":40,"9":40,"10":40,"11":40,"12":40,"13":40,"14":40,"15":40,"16":109,"17":33,"18":33,"19":33},"f":{"0":40,"1":40,"2":109,"3":33},"b":{"0":[40,40]},"meta":{"lastBranch":1,"lastFunction":4,"lastStatement":20,"seen":{"f:22:4:22:16":0,"s:23:8:23:Infinity":0,"b:23:21:23:30:23:30:23:Infinity":0,"f:26:12:26:37":1,"s:27:25:27:Infinity":1,"s:28:27:28:Infinity":2,"s:29:20:29:Infinity":3,"s:30:20:30:Infinity":4,"s:31:24:31:Infinity":5,"s:32:24:32:Infinity":6,"s:33:26:33:Infinity":7,"s:34:25:34:Infinity":8,"s:35:25:35:Infinity":9,"s:36:22:36:Infinity":10,"s:37:24:37:Infinity":11,"s:38:24:38:Infinity":12,"s:39:24:39:Infinity":13,"s:40:25:40:Infinity":14,"s:42:8:57:Infinity":15,"f:63:4:63:25":2,"s:64:8:64:Infinity":16,"f:67:4:67:14":3,"s:68:22:68:Infinity":17,"s:69:22:69:Infinity":18,"s:71:8:71:Infinity":19}}}
,"C:\\typescript\\laravel-like-validation\\src\\base\\BaseValidator.ts": {"path":"C:\\typescript\\laravel-like-validation\\src\\base\\BaseValidator.ts","statementMap":{"0":{"start":{"line":15,"column":4},"end":{"line":19,"column":null}},"1":{"start":{"line":21,"column":4},"end":{"line":25,"column":null}},"2":{"start":{"line":27,"column":4},"end":{"line":35,"column":null}},"3":{"start":{"line":37,"column":4},"end":{"line":41,"column":null}},"4":{"start":{"line":43,"column":4},"end":{"line":45,"column":null}},"5":{"start":{"line":47,"column":4},"end":{"line":49,"column":null}},"6":{"start":{"line":53,"column":4},"end":{"line":53,"column":null}},"7":{"start":{"line":55,"column":4},"end":{"line":55,"column":null}},"8":{"start":{"line":57,"column":4},"end":{"line":57,"column":null}},"9":{"start":{"line":59,"column":4},"end":{"line":59,"column":null}},"10":{"start":{"line":60,"column":4},"end":{"line":60,"column":null}},"11":{"start":{"line":61,"column":4},"end":{"line":61,"column":null}},"12":{"start":{"line":64,"column":8},"end":{"line":64,"column":null}},"13":{"start":{"line":65,"column":8},"end":{"line":69,"column":null}},"14":{"start":{"line":70,"column":8},"end":{"line":74,"column":null}},"15":{"start":{"line":75,"column":8},"end":{"line":79,"column":null}},"16":{"start":{"line":80,"column":8},"end":{"line":80,"column":null}},"17":{"start":{"line":81,"column":8},"end":{"line":81,"column":null}},"18":{"start":{"line":82,"column":8},"end":{"line":82,"column":null}},"19":{"start":{"line":84,"column":8},"end":{"line":84,"column":null}},"20":{"start":{"line":85,"column":8},"end":{"line":85,"column":null}},"21":{"start":{"line":86,"column":8},"end":{"line":86,"column":null}},"22":{"start":{"line":91,"column":8},"end":{"line":91,"column":null}},"23":{"start":{"line":93,"column":8},"end":{"line":93,"column":null}},"24":{"start":{"line":94,"column":8},"end":{"line":94,"column":null}},"25":{"start":{"line":95,"column":8},"end":{"line":95,"column":null}},"26":{"start":{"line":108,"column":12},"end":{"line":108,"column":null}},"27":{"start":{"line":110,"column":8},"end":{"line":112,"column":null}},"28":{"start":{"line":111,"column":12},"end":{"line":111,"column":null}},"29":{"start":{"line":114,"column":8},"end":{"line":116,"column":null}},"30":{"start":{"line":115,"column":12},"end":{"line":115,"column":null}},"31":{"start":{"line":118,"column":8},"end":{"line":120,"column":null}},"32":{"start":{"line":119,"column":12},"end":{"line":119,"column":null}},"33":{"start":{"line":122,"column":8},"end":{"line":122,"column":null}},"34":{"start":{"line":130,"column":12},"end":{"line":130,"column":null}},"35":{"start":{"line":132,"column":8},"end":{"line":134,"column":null}},"36":{"start":{"line":133,"column":12},"end":{"line":133,"column":null}},"37":{"start":{"line":136,"column":8},"end":{"line":138,"column":null}},"38":{"start":{"line":137,"column":12},"end":{"line":137,"column":null}},"39":{"start":{"line":140,"column":8},"end":{"line":142,"column":null}},"40":{"start":{"line":141,"column":12},"end":{"line":141,"column":null}},"41":{"start":{"line":144,"column":8},"end":{"line":144,"column":null}},"42":{"start":{"line":148,"column":8},"end":{"line":148,"column":null}},"43":{"start":{"line":152,"column":8},"end":{"line":152,"column":null}},"44":{"start":{"line":157,"column":22},"end":{"line":157,"column":null}},"45":{"start":{"line":159,"column":28},"end":{"line":159,"column":null}},"46":{"start":{"line":165,"column":8},"end":{"line":233,"column":null}},"47":{"start":{"line":167,"column":39},"end":{"line":171,"column":null}},"48":{"start":{"line":169,"column":44},"end":{"line":169,"column":null}},"49":{"start":{"line":173,"column":12},"end":{"line":173,"column":null}},"50":{"start":{"line":175,"column":8},"end":{"line":233,"column":null}},"51":{"start":{"line":177,"column":39},"end":{"line":182,"column":null}},"52":{"start":{"line":179,"column":44},"end":{"line":179,"column":null}},"53":{"start":{"line":180,"column":36},"end":{"line":180,"column":null}},"54":{"start":{"line":184,"column":12},"end":{"line":220,"column":null}},"55":{"start":{"line":186,"column":32},"end":{"line":186,"column":null}},"56":{"start":{"line":187,"column":16},"end":{"line":187,"column":null}},"57":{"start":{"line":188,"column":16},"end":{"line":188,"column":null}},"58":{"start":{"line":188,"column":52},"end":{"line":188,"column":null}},"59":{"start":{"line":189,"column":16},"end":{"line":189,"column":null}},"60":{"start":{"line":189,"column":43},"end":{"line":189,"column":null}},"61":{"start":{"line":191,"column":16},"end":{"line":193,"column":null}},"62":{"start":{"line":192,"column":20},"end":{"line":192,"column":null}},"63":{"start":{"line":195,"column":12},"end":{"line":220,"column":null}},"64":{"start":{"line":197,"column":16},"end":{"line":218,"column":null}},"65":{"start":{"line":199,"column":45},"end":{"line":199,"column":null}},"66":{"start":{"line":200,"column":36},"end":{"line":200,"column":null}},"67":{"start":{"line":201,"column":20},"end":{"line":201,"column":null}},"68":{"start":{"line":202,"column":20},"end":{"line":202,"column":null}},"69":{"start":{"line":202,"column":56},"end":{"line":202,"column":null}},"70":{"start":{"line":203,"column":20},"end":{"line":203,"column":null}},"71":{"start":{"line":203,"column":47},"end":{"line":203,"column":null}},"72":{"start":{"line":204,"column":20},"end":{"line":206,"column":null}},"73":{"start":{"line":205,"column":24},"end":{"line":205,"column":null}},"74":{"start":{"line":208,"column":16},"end":{"line":218,"column":null}},"75":{"start":{"line":210,"column":36},"end":{"line":210,"column":null}},"76":{"start":{"line":211,"column":20},"end":{"line":211,"column":null}},"77":{"start":{"line":212,"column":20},"end":{"line":212,"column":null}},"78":{"start":{"line":212,"column":56},"end":{"line":212,"column":null}},"79":{"start":{"line":213,"column":20},"end":{"line":213,"column":null}},"80":{"start":{"line":213,"column":47},"end":{"line":213,"column":null}},"81":{"start":{"line":214,"column":20},"end":{"line":216,"column":null}},"82":{"start":{"line":215,"column":24},"end":{"line":215,"column":null}},"83":{"start":{"line":222,"column":12},"end":{"line":222,"column":null}},"84":{"start":{"line":225,"column":12},"end":{"line":225,"column":null}},"85":{"start":{"line":227,"column":12},"end":{"line":232,"column":null}},"86":{"start":{"line":229,"column":44},"end":{"line":229,"column":null}},"87":{"start":{"line":230,"column":36},"end":{"line":230,"column":null}},"88":{"start":{"line":241,"column":25},"end":{"line":297,"column":null}},"89":{"start":{"line":243,"column":22},"end":{"line":243,"column":null}},"90":{"start":{"line":245,"column":12},"end":{"line":295,"column":null}},"91":{"start":{"line":249,"column":16},"end":{"line":256,"column":null}},"92":{"start":{"line":254,"column":20},"end":{"line":254,"column":null}},"93":{"start":{"line":255,"column":20},"end":{"line":255,"column":null}},"94":{"start":{"line":258,"column":16},"end":{"line":292,"column":null}},"95":{"start":{"line":260,"column":34},"end":{"line":260,"column":null}},"96":{"start":{"line":261,"column":20},"end":{"line":261,"column":null}},"97":{"start":{"line":263,"column":16},"end":{"line":292,"column":null}},"98":{"start":{"line":265,"column":35},"end":{"line":265,"column":null}},"99":{"start":{"line":267,"column":20},"end":{"line":279,"column":null}},"100":{"start":{"line":269,"column":24},"end":{"line":269,"column":null}},"101":{"start":{"line":273,"column":49},"end":{"line":273,"column":null}},"102":{"start":{"line":275,"column":24},"end":{"line":277,"column":null}},"103":{"start":{"line":276,"column":28},"end":{"line":276,"column":null}},"104":{"start":{"line":284,"column":35},"end":{"line":284,"column":null}},"105":{"start":{"line":286,"column":20},"end":{"line":291,"column":null}},"106":{"start":{"line":288,"column":38},"end":{"line":288,"column":null}},"107":{"start":{"line":289,"column":24},"end":{"line":289,"column":null}},"108":{"start":{"line":294,"column":16},"end":{"line":294,"column":null}},"109":{"start":{"line":299,"column":8},"end":{"line":299,"column":null}},"110":{"start":{"line":305,"column":8},"end":{"line":305,"column":null}},"111":{"start":{"line":306,"column":8},"end":{"line":306,"column":null}},"112":{"start":{"line":308,"column":44},"end":{"line":308,"column":null}},"113":{"start":{"line":310,"column":8},"end":{"line":323,"column":null}},"114":{"start":{"line":312,"column":26},"end":{"line":312,"column":null}},"115":{"start":{"line":314,"column":38},"end":{"line":314,"column":null}},"116":{"start":{"line":316,"column":12},"end":{"line":320,"column":null}},"117":{"start":{"line":317,"column":16},"end":{"line":317,"column":null}},"118":{"start":{"line":318,"column":12},"end":{"line":320,"column":null}},"119":{"start":{"line":319,"column":16},"end":{"line":319,"column":null}},"120":{"start":{"line":322,"column":12},"end":{"line":322,"column":null}},"121":{"start":{"line":325,"column":43},"end":{"line":325,"column":null}},"122":{"start":{"line":326,"column":8},"end":{"line":328,"column":null}},"123":{"start":{"line":327,"column":12},"end":{"line":327,"column":null}},"124":{"start":{"line":330,"column":8},"end":{"line":332,"column":null}},"125":{"start":{"line":331,"column":12},"end":{"line":331,"column":null}},"126":{"start":{"line":334,"column":8},"end":{"line":334,"column":null}},"127":{"start":{"line":340,"column":24},"end":{"line":340,"column":null}},"128":{"start":{"line":342,"column":8},"end":{"line":361,"column":null}},"129":{"start":{"line":344,"column":42},"end":{"line":354,"column":null}},"130":{"start":{"line":346,"column":16},"end":{"line":350,"column":null}},"131":{"start":{"line":347,"column":20},"end":{"line":347,"column":null}},"132":{"start":{"line":349,"column":20},"end":{"line":349,"column":null}},"133":{"start":{"line":352,"column":16},"end":{"line":352,"column":null}},"134":{"start":{"line":356,"column":12},"end":{"line":356,"column":null}},"135":{"start":{"line":357,"column":12},"end":{"line":357,"column":null}},"136":{"start":{"line":360,"column":12},"end":{"line":360,"column":null}},"137":{"start":{"line":366,"column":8},"end":{"line":372,"column":null}},"138":{"start":{"line":366,"column":21},"end":{"line":366,"column":24}},"139":{"start":{"line":367,"column":83},"end":{"line":367,"column":null}},"140":{"start":{"line":369,"column":12},"end":{"line":371,"column":null}},"141":{"start":{"line":370,"column":16},"end":{"line":370,"column":null}},"142":{"start":{"line":376,"column":8},"end":{"line":382,"column":null}},"143":{"start":{"line":376,"column":21},"end":{"line":376,"column":24}},"144":{"start":{"line":377,"column":82},"end":{"line":377,"column":null}},"145":{"start":{"line":379,"column":12},"end":{"line":381,"column":null}},"146":{"start":{"line":380,"column":16},"end":{"line":380,"column":null}},"147":{"start":{"line":386,"column":8},"end":{"line":389,"column":null}},"148":{"start":{"line":387,"column":12},"end":{"line":387,"column":null}},"149":{"start":{"line":388,"column":12},"end":{"line":388,"column":null}},"150":{"start":{"line":393,"column":8},"end":{"line":396,"column":null}},"151":{"start":{"line":394,"column":12},"end":{"line":394,"column":null}},"152":{"start":{"line":395,"column":12},"end":{"line":395,"column":null}},"153":{"start":{"line":400,"column":8},"end":{"line":403,"column":null}},"154":{"start":{"line":401,"column":12},"end":{"line":401,"column":null}},"155":{"start":{"line":402,"column":12},"end":{"line":402,"column":null}}},"fnMap":{"0":{"name":"(anonymous_0)","decl":{"start":{"line":11,"column":0},"end":{"line":11,"column":15}},"loc":{"start":{"line":11,"column":0},"end":{"line":61,"column":null}},"line":11},"1":{"name":"(anonymous_1)","decl":{"start":{"line":63,"column":12},"end":{"line":63,"column":26}},"loc":{"start":{"line":63,"column":26},"end":{"line":87,"column":null}},"line":63},"2":{"name":"(anonymous_2)","decl":{"start":{"line":89,"column":14},"end":{"line":89,"column":37}},"loc":{"start":{"line":89,"column":37},"end":{"line":97,"column":null}},"line":89},"3":{"name":"(anonymous_3)","decl":{"start":{"line":99,"column":14},"end":{"line":99,"column":36}},"loc":{"start":{"line":99,"column":36},"end":{"line":101,"column":null}},"line":99},"4":{"name":"(anonymous_4)","decl":{"start":{"line":103,"column":14},"end":{"line":103,"column":44}},"loc":{"start":{"line":103,"column":44},"end":{"line":123,"column":null}},"line":103},"5":{"name":"(anonymous_5)","decl":{"start":{"line":125,"column":14},"end":{"line":125,"column":41}},"loc":{"start":{"line":125,"column":41},"end":{"line":145,"column":null}},"line":125},"6":{"name":"(anonymous_6)","decl":{"start":{"line":147,"column":12},"end":{"line":147,"column":21}},"loc":{"start":{"line":147,"column":82},"end":{"line":149,"column":null}},"line":147},"7":{"name":"(anonymous_7)","decl":{"start":{"line":151,"column":12},"end":{"line":151,"column":25}},"loc":{"start":{"line":151,"column":72},"end":{"line":153,"column":null}},"line":151},"8":{"name":"(anonymous_8)","decl":{"start":{"line":155,"column":12},"end":{"line":155,"column":20}},"loc":{"start":{"line":155,"column":81},"end":{"line":235,"column":null}},"line":155},"9":{"name":"(anonymous_9)","decl":{"start":{"line":169,"column":32},"end":{"line":169,"column":44}},"loc":{"start":{"line":169,"column":44},"end":{"line":169,"column":null}},"line":169},"10":{"name":"(anonymous_10)","decl":{"start":{"line":179,"column":32},"end":{"line":179,"column":44}},"loc":{"start":{"line":179,"column":44},"end":{"line":179,"column":null}},"line":179},"11":{"name":"(anonymous_11)","decl":{"start":{"line":180,"column":29},"end":{"line":180,"column":36}},"loc":{"start":{"line":180,"column":36},"end":{"line":180,"column":null}},"line":180},"12":{"name":"(anonymous_12)","decl":{"start":{"line":188,"column":40},"end":{"line":188,"column":52}},"loc":{"start":{"line":188,"column":52},"end":{"line":188,"column":null}},"line":188},"13":{"name":"(anonymous_13)","decl":{"start":{"line":189,"column":37},"end":{"line":189,"column":43}},"loc":{"start":{"line":189,"column":43},"end":{"line":189,"column":null}},"line":189},"14":{"name":"(anonymous_14)","decl":{"start":{"line":202,"column":44},"end":{"line":202,"column":56}},"loc":{"start":{"line":202,"column":56},"end":{"line":202,"column":null}},"line":202},"15":{"name":"(anonymous_15)","decl":{"start":{"line":203,"column":41},"end":{"line":203,"column":47}},"loc":{"start":{"line":203,"column":47},"end":{"line":203,"column":null}},"line":203},"16":{"name":"(anonymous_16)","decl":{"start":{"line":212,"column":44},"end":{"line":212,"column":56}},"loc":{"start":{"line":212,"column":56},"end":{"line":212,"column":null}},"line":212},"17":{"name":"(anonymous_17)","decl":{"start":{"line":213,"column":41},"end":{"line":213,"column":47}},"loc":{"start":{"line":213,"column":47},"end":{"line":213,"column":null}},"line":213},"18":{"name":"(anonymous_18)","decl":{"start":{"line":229,"column":32},"end":{"line":229,"column":44}},"loc":{"start":{"line":229,"column":44},"end":{"line":229,"column":null}},"line":229},"19":{"name":"(anonymous_19)","decl":{"start":{"line":230,"column":29},"end":{"line":230,"column":36}},"loc":{"start":{"line":230,"column":36},"end":{"line":230,"column":null}},"line":230},"20":{"name":"(anonymous_20)","decl":{"start":{"line":237,"column":12},"end":{"line":237,"column":31}},"loc":{"start":{"line":237,"column":104},"end":{"line":301,"column":null}},"line":237},"21":{"name":"(anonymous_21)","decl":{"start":{"line":241,"column":35},"end":{"line":241,"column":41}},"loc":{"start":{"line":241,"column":49},"end":{"line":297,"column":9}},"line":241},"22":{"name":"(anonymous_22)","decl":{"start":{"line":245,"column":45},"end":{"line":245,"column":52}},"loc":{"start":{"line":245,"column":72},"end":{"line":295,"column":13}},"line":245},"23":{"name":"(anonymous_23)","decl":{"start":{"line":303,"column":18},"end":{"line":303,"column":34}},"loc":{"start":{"line":303,"column":63},"end":{"line":336,"column":null}},"line":303},"24":{"name":"(anonymous_24)","decl":{"start":{"line":338,"column":18},"end":{"line":338,"column":33}},"loc":{"start":{"line":338,"column":107},"end":{"line":363,"column":null}},"line":338},"25":{"name":"(anonymous_25)","decl":{"start":{"line":344,"column":92},"end":{"line":344,"column":93}},"loc":{"start":{"line":344,"column":109},"end":{"line":354,"column":15}},"line":344},"26":{"name":"(anonymous_26)","decl":{"start":{"line":365,"column":12},"end":{"line":365,"column":25}},"loc":{"start":{"line":365,"column":49},"end":{"line":373,"column":null}},"line":365},"27":{"name":"(anonymous_27)","decl":{"start":{"line":375,"column":12},"end":{"line":375,"column":28}},"loc":{"start":{"line":375,"column":51},"end":{"line":383,"column":null}},"line":375},"28":{"name":"(anonymous_28)","decl":{"start":{"line":385,"column":20},"end":{"line":385,"column":33}},"loc":{"start":{"line":385,"column":74},"end":{"line":390,"column":null}},"line":385},"29":{"name":"(anonymous_29)","decl":{"start":{"line":392,"column":20},"end":{"line":392,"column":35}},"loc":{"start":{"line":392,"column":76},"end":{"line":397,"column":null}},"line":392},"30":{"name":"(anonymous_30)","decl":{"start":{"line":399,"column":20},"end":{"line":399,"column":34}},"loc":{"start":{"line":399,"column":75},"end":{"line":404,"column":null}},"line":399}},"branchMap":{"0":{"loc":{"start":{"line":110,"column":8},"end":{"line":112,"column":null}},"type":"if","locations":[{"start":{"line":110,"column":8},"end":{"line":112,"column":null}},{"start":{},"end":{}}],"line":110},"1":{"loc":{"start":{"line":110,"column":12},"end":{"line":110,"column":74}},"type":"binary-expr","locations":[{"start":{"line":110,"column":12},"end":{"line":110,"column":32}},{"start":{"line":110,"column":32},"end":{"line":110,"column":74}}],"line":110},"2":{"loc":{"start":{"line":114,"column":8},"end":{"line":116,"column":null}},"type":"if","locations":[{"start":{"line":114,"column":8},"end":{"line":116,"column":null}},{"start":{},"end":{}}],"line":114},"3":{"loc":{"start":{"line":114,"column":12},"end":{"line":114,"column":78}},"type":"binary-expr","locations":[{"start":{"line":114,"column":12},"end":{"line":114,"column":34}},{"start":{"line":114,"column":34},"end":{"line":114,"column":78}}],"line":114},"4":{"loc":{"start":{"line":118,"column":8},"end":{"line":120,"column":null}},"type":"if","locations":[{"start":{"line":118,"column":8},"end":{"line":120,"column":null}},{"start":{},"end":{}}],"line":118},"5":{"loc":{"start":{"line":118,"column":12},"end":{"line":118,"column":76}},"type":"binary-expr","locations":[{"start":{"line":118,"column":12},"end":{"line":118,"column":33}},{"start":{"line":118,"column":33},"end":{"line":118,"column":76}}],"line":118},"6":{"loc":{"start":{"line":132,"column":8},"end":{"line":134,"column":null}},"type":"if","locations":[{"start":{"line":132,"column":8},"end":{"line":134,"column":null}},{"start":{},"end":{}}],"line":132},"7":{"loc":{"start":{"line":132,"column":12},"end":{"line":132,"column":80}},"type":"binary-expr","locations":[{"start":{"line":132,"column":12},"end":{"line":132,"column":35}},{"start":{"line":132,"column":35},"end":{"line":132,"column":80}}],"line":132},"8":{"loc":{"start":{"line":136,"column":8},"end":{"line":138,"column":null}},"type":"if","locations":[{"start":{"line":136,"column":8},"end":{"line":138,"column":null}},{"start":{},"end":{}}],"line":136},"9":{"loc":{"start":{"line":136,"column":12},"end":{"line":136,"column":84}},"type":"binary-expr","locations":[{"start":{"line":136,"column":12},"end":{"line":136,"column":37}},{"start":{"line":136,"column":37},"end":{"line":136,"column":84}}],"line":136},"10":{"loc":{"start":{"line":140,"column":8},"end":{"line":142,"column":null}},"type":"if","locations":[{"start":{"line":140,"column":8},"end":{"line":142,"column":null}},{"start":{},"end":{}}],"line":140},"11":{"loc":{"start":{"line":140,"column":12},"end":{"line":140,"column":82}},"type":"binary-expr","locations":[{"start":{"line":140,"column":12},"end":{"line":140,"column":36}},{"start":{"line":140,"column":36},"end":{"line":140,"column":82}}],"line":140},"12":{"loc":{"start":{"line":157,"column":22},"end":{"line":157,"column":null}},"type":"binary-expr","locations":[{"start":{"line":157,"column":22},"end":{"line":157,"column":52}},{"start":{"line":157,"column":52},"end":{"line":157,"column":null}}],"line":157},"13":{"loc":{"start":{"line":165,"column":8},"end":{"line":233,"column":null}},"type":"if","locations":[{"start":{"line":165,"column":8},"end":{"line":233,"column":null}},{"start":{"line":175,"column":8},"end":{"line":233,"column":null}}],"line":165},"14":{"loc":{"start":{"line":175,"column":8},"end":{"line":233,"column":null}},"type":"if","locations":[{"start":{"line":175,"column":8},"end":{"line":233,"column":null}},{"start":{"line":224,"column":15},"end":{"line":233,"column":null}}],"line":175},"15":{"loc":{"start":{"line":175,"column":19},"end":{"line":175,"column":73}},"type":"binary-expr","locations":[{"start":{"line":175,"column":19},"end":{"line":175,"column":47}},{"start":{"line":175,"column":47},"end":{"line":175,"column":73}}],"line":175},"16":{"loc":{"start":{"line":184,"column":12},"end":{"line":220,"column":null}},"type":"if","locations":[{"start":{"line":184,"column":12},"end":{"line":220,"column":null}},{"start":{"line":195,"column":12},"end":{"line":220,"column":null}}],"line":184},"17":{"loc":{"start":{"line":186,"column":32},"end":{"line":186,"column":null}},"type":"binary-expr","locations":[{"start":{"line":186,"column":32},"end":{"line":186,"column":83}},{"start":{"line":186,"column":83},"end":{"line":186,"column":null}}],"line":186},"18":{"loc":{"start":{"line":191,"column":16},"end":{"line":193,"column":null}},"type":"if","locations":[{"start":{"line":191,"column":16},"end":{"line":193,"column":null}},{"start":{},"end":{}}],"line":191},"19":{"loc":{"start":{"line":195,"column":12},"end":{"line":220,"column":null}},"type":"if","locations":[{"start":{"line":195,"column":12},"end":{"line":220,"column":null}},{"start":{},"end":{}}],"line":195},"20":{"loc":{"start":{"line":197,"column":16},"end":{"line":218,"column":null}},"type":"if","locations":[{"start":{"line":197,"column":16},"end":{"line":218,"column":null}},{"start":{"line":208,"column":16},"end":{"line":218,"column":null}}],"line":197},"21":{"loc":{"start":{"line":200,"column":36},"end":{"line":200,"column":null}},"type":"binary-expr","locations":[{"start":{"line":200,"column":36},"end":{"line":200,"column":80}},{"start":{"line":200,"column":80},"end":{"line":200,"column":null}}],"line":200},"22":{"loc":{"start":{"line":204,"column":20},"end":{"line":206,"column":null}},"type":"if","locations":[{"start":{"line":204,"column":20},"end":{"line":206,"column":null}},{"start":{},"end":{}}],"line":204},"23":{"loc":{"start":{"line":204,"column":24},"end":{"line":204,"column":140}},"type":"binary-expr","locations":[{"start":{"line":204,"column":24},"end":{"line":204,"column":48}},{"start":{"line":204,"column":48},"end":{"line":204,"column":105}},{"start":{"line":204,"column":105},"end":{"line":204,"column":140}}],"line":204},"24":{"loc":{"start":{"line":208,"column":16},"end":{"line":218,"column":null}},"type":"if","locations":[{"start":{"line":208,"column":16},"end":{"line":218,"column":null}},{"start":{},"end":{}}],"line":208},"25":{"loc":{"start":{"line":210,"column":36},"end":{"line":210,"column":null}},"type":"binary-expr","locations":[{"start":{"line":210,"column":36},"end":{"line":210,"column":77}},{"start":{"line":210,"column":77},"end":{"line":210,"column":null}}],"line":210},"26":{"loc":{"start":{"line":214,"column":20},"end":{"line":216,"column":null}},"type":"if","locations":[{"start":{"line":214,"column":20},"end":{"line":216,"column":null}},{"start":{},"end":{}}],"line":214},"27":{"loc":{"start":{"line":214,"column":24},"end":{"line":214,"column":131}},"type":"binary-expr","locations":[{"start":{"line":214,"column":24},"end":{"line":214,"column":45}},{"start":{"line":214,"column":45},"end":{"line":214,"column":99}},{"start":{"line":214,"column":99},"end":{"line":214,"column":131}}],"line":214},"28":{"loc":{"start":{"line":249,"column":16},"end":{"line":256,"column":null}},"type":"if","locations":[{"start":{"line":249,"column":16},"end":{"line":256,"column":null}},{"start":{},"end":{}}],"line":249},"29":{"loc":{"start":{"line":250,"column":20},"end":{"line":252,"column":null}},"type":"binary-expr","locations":[{"start":{"line":250,"column":20},"end":{"line":250,"column":null}},{"start":{"line":251,"column":20},"end":{"line":251,"column":null}},{"start":{"line":252,"column":20},"end":{"line":252,"column":null}}],"line":250},"30":{"loc":{"start":{"line":258,"column":16},"end":{"line":292,"column":null}},"type":"if","locations":[{"start":{"line":258,"column":16},"end":{"line":292,"column":null}},{"start":{"line":263,"column":16},"end":{"line":292,"column":null}}],"line":258},"31":{"loc":{"start":{"line":263,"column":16},"end":{"line":292,"column":null}},"type":"if","locations":[{"start":{"line":263,"column":16},"end":{"line":292,"column":null}},{"start":{"line":282,"column":23},"end":{"line":292,"column":null}}],"line":263},"32":{"loc":{"start":{"line":267,"column":20},"end":{"line":279,"column":null}},"type":"if","locations":[{"start":{"line":267,"column":20},"end":{"line":279,"column":null}},{"start":{"line":271,"column":27},"end":{"line":279,"column":null}}],"line":267},"33":{"loc":{"start":{"line":267,"column":24},"end":{"line":267,"column":81}},"type":"binary-expr","locations":[{"start":{"line":267,"column":24},"end":{"line":267,"column":57}},{"start":{"line":267,"column":57},"end":{"line":267,"column":81}}],"line":267},"34":{"loc":{"start":{"line":275,"column":24},"end":{"line":277,"column":null}},"type":"if","locations":[{"start":{"line":275,"column":24},"end":{"line":277,"column":null}},{"start":{},"end":{}}],"line":275},"35":{"loc":{"start":{"line":286,"column":20},"end":{"line":291,"column":null}},"type":"if","locations":[{"start":{"line":286,"column":20},"end":{"line":291,"column":null}},{"start":{},"end":{}}],"line":286},"36":{"loc":{"start":{"line":316,"column":12},"end":{"line":320,"column":null}},"type":"if","locations":[{"start":{"line":316,"column":12},"end":{"line":320,"column":null}},{"start":{"line":318,"column":12},"end":{"line":320,"column":null}}],"line":316},"37":{"loc":{"start":{"line":318,"column":12},"end":{"line":320,"column":null}},"type":"if","locations":[{"start":{"line":318,"column":12},"end":{"line":320,"column":null}},{"start":{},"end":{}}],"line":318},"38":{"loc":{"start":{"line":326,"column":8},"end":{"line":328,"column":null}},"type":"if","locations":[{"start":{"line":326,"column":8},"end":{"line":328,"column":null}},{"start":{},"end":{}}],"line":326},"39":{"loc":{"start":{"line":330,"column":8},"end":{"line":332,"column":null}},"type":"if","locations":[{"start":{"line":330,"column":8},"end":{"line":332,"column":null}},{"start":{},"end":{}}],"line":330},"40":{"loc":{"start":{"line":342,"column":8},"end":{"line":361,"column":null}},"type":"if","locations":[{"start":{"line":342,"column":8},"end":{"line":361,"column":null}},{"start":{"line":359,"column":15},"end":{"line":361,"column":null}}],"line":342},"41":{"loc":{"start":{"line":346,"column":16},"end":{"line":350,"column":null}},"type":"if","locations":[{"start":{"line":346,"column":16},"end":{"line":350,"column":null}},{"start":{"line":348,"column":23},"end":{"line":350,"column":null}}],"line":346},"42":{"loc":{"start":{"line":386,"column":8},"end":{"line":389,"column":null}},"type":"if","locations":[{"start":{"line":386,"column":8},"end":{"line":389,"column":null}},{"start":{},"end":{}}],"line":386},"43":{"loc":{"start":{"line":386,"column":12},"end":{"line":386,"column":43}},"type":"binary-expr","locations":[{"start":{"line":386,"column":12},"end":{"line":386,"column":37}},{"start":{"line":386,"column":37},"end":{"line":386,"column":43}}],"line":386},"44":{"loc":{"start":{"line":393,"column":8},"end":{"line":396,"column":null}},"type":"if","locations":[{"start":{"line":393,"column":8},"end":{"line":396,"column":null}},{"start":{},"end":{}}],"line":393},"45":{"loc":{"start":{"line":393,"column":12},"end":{"line":393,"column":45}},"type":"binary-expr","locations":[{"start":{"line":393,"column":12},"end":{"line":393,"column":39}},{"start":{"line":393,"column":39},"end":{"line":393,"column":45}}],"line":393},"46":{"loc":{"start":{"line":400,"column":8},"end":{"line":403,"column":null}},"type":"if","locations":[{"start":{"line":400,"column":8},"end":{"line":403,"column":null}},{"start":{},"end":{}}],"line":400},"47":{"loc":{"start":{"line":400,"column":12},"end":{"line":400,"column":44}},"type":"binary-expr","locations":[{"start":{"line":400,"column":12},"end":{"line":400,"column":38}},{"start":{"line":400,"column":38},"end":{"line":400,"column":44}}],"line":400}},"s":{"0":41,"1":41,"2":41,"3":41,"4":41,"5":41,"6":41,"7":41,"8":41,"9":41,"10":41,"11":41,"12":36,"13":36,"14":36,"15":36,"16":36,"17":36,"18":36,"19":36,"20":36,"21":36,"22":36,"23":36,"24":36,"25":36,"26":34,"27":34,"28":20,"29":34,"30":1,"31":34,"32":1,"33":34,"34":34,"35":34,"36":25,"37":34,"38":1,"39":34,"40":2,"41":34,"42":42,"43":65,"44":109,"45":109,"46":109,"47":6,"48":6,"49":6,"50":103,"51":102,"52":0,"53":4,"54":102,"55":7,"56":7,"57":7,"58":7,"59":7,"60":4,"61":7,"62":1,"63":95,"64":95,"65":33,"66":33,"67":33,"68":33,"69":32,"70":33,"71":8,"72":33,"73":0,"74":62,"75":58,"76":58,"77":58,"78":57,"79":58,"80":22,"81":58,"82":1,"83":102,"84":1,"85":1,"86":0,"87":1,"88":77,"89":109,"90":109,"91":109,"92":2,"93":2,"94":107,"95":5,"96":5,"97":102,"98":6,"99":6,"100":3,"101":3,"102":3,"103":1,"104":96,"105":96,"106":34,"107":34,"108":107,"109":77,"110":38,"111":38,"112":38,"113":38,"114":77,"115":77,"116":77,"117":53,"118":24,"119":24,"120":77,"121":38,"122":38,"123":1,"124":38,"125":1,"126":37,"127":37,"128":37,"129":36,"130":107,"131":65,"132":42,"133":107,"134":36,"135":36,"136":1,"137":36,"138":36,"139":42,"140":42,"141":42,"142":36,"143":36,"144":65,"145":65,"146":65,"147":36,"148":33,"149":33,"150":34,"151":2,"152":2,"153":34,"154":3,"155":3},"f":{"0":41,"1":36,"2":36,"3":34,"4":34,"5":34,"6":42,"7":65,"8":109,"9":6,"10":0,"11":4,"12":7,"13":4,"14":32,"15":8,"16":57,"17":22,"18":0,"19":1,"20":77,"21":109,"22":109,"23":38,"24":37,"25":107,"26":36,"27":36,"28":36,"29":34,"30":34},"b":{"0":[20,14],"1":[34,34],"2":[1,33],"3":[34,34],"4":[1,33],"5":[34,34],"6":[25,9],"7":[34,34],"8":[1,33],"9":[34,34],"10":[2,32],"11":[34,34],"12":[109,103],"13":[6,103],"14":[102,1],"15":[103,96],"16":[7,95],"17":[7,7],"18":[1,6],"19":[95,0],"20":[33,62],"21":[33,30],"22":[0,33],"23":[33,33,33],"24":[58,4],"25":[58,56],"26":[1,57],"27":[58,58,58],"28":[2,107],"29":[109,109,3],"30":[5,102],"31":[6,96],"32":[3,3],"33":[6,5],"34":[1,2],"35":[34,62],"36":[53,24],"37":[24,0],"38":[1,37],"39":[1,37],"40":[36,1],"41":[65,42],"42":[33,3],"43":[36,33],"44":[2,32],"45":[34,2],"46":[3,31],"47":[34,3]},"meta":{"lastBranch":48,"lastFunction":31,"lastStatement":156,"seen":{"f:11:0:11:15":0,"s:15:4:19:Infinity":0,"s:21:4:25:Infinity":1,"s:27:4:35:Infinity":2,"s:37:4:41:Infinity":3,"s:43:4:45:Infinity":4,"s:47:4:49:Infinity":5,"s:53:4:53:Infinity":6,"s:55:4:55:Infinity":7,"s:57:4:57:Infinity":8,"s:59:4:59:Infinity":9,"s:60:4:60:Infinity":10,"s:61:4:61:Infinity":11,"f:63:12:63:26":1,"s:64:8:64:Infinity":12,"s:65:8:69:Infinity":13,"s:70:8:74:Infinity":14,"s:75:8:79:Infinity":15,"s:80:8:80:Infinity":16,"s:81:8:81:Infinity":17,"s:82:8:82:Infinity":18,"s:84:8:84:Infinity":19,"s:85:8:85:Infinity":20,"s:86:8:86:Infinity":21,"f:89:14:89:37":2,"s:91:8:91:Infinity":22,"s:93:8:93:Infinity":23,"s:94:8:94:Infinity":24,"s:95:8:95:Infinity":25,"f:99:14:99:36":3,"f:103:14:103:44":4,"s:108:12:108:Infinity":26,"b:110:8:112:Infinity:undefined:undefined:undefined:undefined":0,"s:110:8:112:Infinity":27,"b:110:12:110:32:110:32:110:74":1,"s:111:12:111:Infinity":28,"b:114:8:116:Infinity:undefined:undefined:undefined:undefined":2,"s:114:8:116:Infinity":29,"b:114:12:114:34:114:34:114:78":3,"s:115:12:115:Infinity":30,"b:118:8:120:Infinity:undefined:undefined:undefined:undefined":4,"s:118:8:120:Infinity":31,"b:118:12:118:33:118:33:118:76":5,"s:119:12:119:Infinity":32,"s:122:8:122:Infinity":33,"f:125:14:125:41":5,"s:130:12:130:Infinity":34,"b:132:8:134:Infinity:undefined:undefined:undefined:undefined":6,"s:132:8:134:Infinity":35,"b:132:12:132:35:132:35:132:80":7,"s:133:12:133:Infinity":36,"b:136:8:138:Infinity:undefined:undefined:undefined:undefined":8,"s:136:8:138:Infinity":37,"b:136:12:136:37:136:37:136:84":9,"s:137:12:137:Infinity":38,"b:140:8:142:Infinity:undefined:undefined:undefined:undefined":10,"s:140:8:142:Infinity":39,"b:140:12:140:36:140:36:140:82":11,"s:141:12:141:Infinity":40,"s:144:8:144:Infinity":41,"f:147:12:147:21":6,"s:148:8:148:Infinity":42,"f:151:12:151:25":7,"s:152:8:152:Infinity":43,"f:155:12:155:20":8,"s:157:22:157:Infinity":44,"b:157:22:157:52:157:52:157:Infinity":12,"s:159:28:159:Infinity":45,"b:165:8:233:Infinity:175:8:233:Infinity":13,"s:165:8:233:Infinity":46,"s:167:39:171:Infinity":47,"f:169:32:169:44":9,"s:169:44:169:Infinity":48,"s:173:12:173:Infinity":49,"b:175:8:233:Infinity:224:15:233:Infinity":14,"s:175:8:233:Infinity":50,"b:175:19:175:47:175:47:175:73":15,"s:177:39:182:Infinity":51,"f:179:32:179:44":10,"s:179:44:179:Infinity":52,"f:180:29:180:36":11,"s:180:36:180:Infinity":53,"b:184:12:220:Infinity:195:12:220:Infinity":16,"s:184:12:220:Infinity":54,"s:186:32:186:Infinity":55,"b:186:32:186:83:186:83:186:Infinity":17,"s:187:16:187:Infinity":56,"s:188:16:188:Infinity":57,"f:188:40:188:52":12,"s:188:52:188:Infinity":58,"s:189:16:189:Infinity":59,"f:189:37:189:43":13,"s:189:43:189:Infinity":60,"b:191:16:193:Infinity:undefined:undefined:undefined:undefined":18,"s:191:16:193:Infinity":61,"s:192:20:192:Infinity":62,"b:195:12:220:Infinity:undefined:undefined:undefined:undefined":19,"s:195:12:220:Infinity":63,"b:197:16:218:Infinity:208:16:218:Infinity":20,"s:197:16:218:Infinity":64,"s:199:45:199:Infinity":65,"s:200:36:200:Infinity":66,"b:200:36:200:80:200:80:200:Infinity":21,"s:201:20:201:Infinity":67,"s:202:20:202:Infinity":68,"f:202:44:202:56":14,"s:202:56:202:Infinity":69,"s:203:20:203:Infinity":70,"f:203:41:203:47":15,"s:203:47:203:Infinity":71,"b:204:20:206:Infinity:undefined:undefined:undefined:undefined":22,"s:204:20:206:Infinity":72,"b:204:24:204:48:204:48:204:105:204:105:204:140":23,"s:205:24:205:Infinity":73,"b:208:16:218:Infinity:undefined:undefined:undefined:undefined":24,"s:208:16:218:Infinity":74,"s:210:36:210:Infinity":75,"b:210:36:210:77:210:77:210:Infinity":25,"s:211:20:211:Infinity":76,"s:212:20:212:Infinity":77,"f:212:44:212:56":16,"s:212:56:212:Infinity":78,"s:213:20:213:Infinity":79,"f:213:41:213:47":17,"s:213:47:213:Infinity":80,"b:214:20:216:Infinity:undefined:undefined:undefined:undefined":26,"s:214:20:216:Infinity":81,"b:214:24:214:45:214:45:214:99:214:99:214:131":27,"s:215:24:215:Infinity":82,"s:222:12:222:Infinity":83,"s:225:12:225:Infinity":84,"s:227:12:232:Infinity":85,"f:229:32:229:44":18,"s:229:44:229:Infinity":86,"f:230:29:230:36":19,"s:230:36:230:Infinity":87,"f:237:12:237:31":20,"s:241:25:297:Infinity":88,"f:241:35:241:41":21,"s:243:22:243:Infinity":89,"s:245:12:295:Infinity":90,"f:245:45:245:52":22,"b:249:16:256:Infinity:undefined:undefined:undefined:undefined":28,"s:249:16:256:Infinity":91,"b:250:20:250:Infinity:251:20:251:Infinity:252:20:252:Infinity":29,"s:254:20:254:Infinity":92,"s:255:20:255:Infinity":93,"b:258:16:292:Infinity:263:16:292:Infinity":30,"s:258:16:292:Infinity":94,"s:260:34:260:Infinity":95,"s:261:20:261:Infinity":96,"b:263:16:292:Infinity:282:23:292:Infinity":31,"s:263:16:292:Infinity":97,"s:265:35:265:Infinity":98,"b:267:20:279:Infinity:271:27:279:Infinity":32,"s:267:20:279:Infinity":99,"b:267:24:267:57:267:57:267:81":33,"s:269:24:269:Infinity":100,"s:273:49:273:Infinity":101,"b:275:24:277:Infinity:undefined:undefined:undefined:undefined":34,"s:275:24:277:Infinity":102,"s:276:28:276:Infinity":103,"s:284:35:284:Infinity":104,"b:286:20:291:Infinity:undefined:undefined:undefined:undefined":35,"s:286:20:291:Infinity":105,"s:288:38:288:Infinity":106,"s:289:24:289:Infinity":107,"s:294:16:294:Infinity":108,"s:299:8:299:Infinity":109,"f:303:18:303:34":23,"s:305:8:305:Infinity":110,"s:306:8:306:Infinity":111,"s:308:44:308:Infinity":112,"s:310:8:323:Infinity":113,"s:312:26:312:Infinity":114,"s:314:38:314:Infinity":115,"b:316:12:320:Infinity:318:12:320:Infinity":36,"s:316:12:320:Infinity":116,"s:317:16:317:Infinity":117,"b:318:12:320:Infinity:undefined:undefined:undefined:undefined":37,"s:318:12:320:Infinity":118,"s:319:16:319:Infinity":119,"s:322:12:322:Infinity":120,"s:325:43:325:Infinity":121,"b:326:8:328:Infinity:undefined:undefined:undefined:undefined":38,"s:326:8:328:Infinity":122,"s:327:12:327:Infinity":123,"b:330:8:332:Infinity:undefined:undefined:undefined:undefined":39,"s:330:8:332:Infinity":124,"s:331:12:331:Infinity":125,"s:334:8:334:Infinity":126,"f:338:18:338:33":24,"s:340:24:340:Infinity":127,"b:342:8:361:Infinity:359:15:361:Infinity":40,"s:342:8:361:Infinity":128,"s:344:42:354:Infinity":129,"f:344:92:344:93":25,"b:346:16:350:Infinity:348:23:350:Infinity":41,"s:346:16:350:Infinity":130,"s:347:20:347:Infinity":131,"s:349:20:349:Infinity":132,"s:352:16:352:Infinity":133,"s:356:12:356:Infinity":134,"s:357:12:357:Infinity":135,"s:360:12:360:Infinity":136,"f:365:12:365:25":26,"s:366:8:372:Infinity":137,"s:366:21:366:24":138,"s:367:83:367:Infinity":139,"s:369:12:371:Infinity":140,"s:370:16:370:Infinity":141,"f:375:12:375:28":27,"s:376:8:382:Infinity":142,"s:376:21:376:24":143,"s:377:82:377:Infinity":144,"s:379:12:381:Infinity":145,"s:380:16:380:Infinity":146,"f:385:20:385:33":28,"b:386:8:389:Infinity:undefined:undefined:undefined:undefined":42,"s:386:8:389:Infinity":147,"b:386:12:386:37:386:37:386:43":43,"s:387:12:387:Infinity":148,"s:388:12:388:Infinity":149,"f:392:20:392:35":29,"b:393:8:396:Infinity:undefined:undefined:undefined:undefined":44,"s:393:8:396:Infinity":150,"b:393:12:393:39:393:39:393:45":45,"s:394:12:394:Infinity":151,"s:395:12:395:Infinity":152,"f:399:20:399:34":30,"b:400:8:403:Infinity:undefined:undefined:undefined:undefined":46,"s:400:8:403:Infinity":153,"b:400:12:400:38:400:38:400:44":47,"s:401:12:401:Infinity":154,"s:402:12:402:Infinity":155}}}
,"C:\\typescript\\laravel-like-validation\\src\\contracts\\IRuleObject.ts": {"path":"C:\\typescript\\laravel-like-validation\\src\\contracts\\IRuleObject.ts","statementMap":{},"fnMap":{},"branchMap":{},"s":{},"f":{},"b":{},"meta":{"lastBranch":0,"lastFunction":0,"lastStatement":0,"seen":{}}}
,"C:\\typescript\\laravel-like-validation\\src\\errors\\ValidationError.ts": {"path":"C:\\typescript\\laravel-like-validation\\src\\errors\\ValidationError.ts","statementMap":{"0":{"start":{"line":8,"column":8},"end":{"line":8,"column":null}},"1":{"start":{"line":4,"column":4},"end":{"line":4,"column":null}},"2":{"start":{"line":9,"column":8},"end":{"line":9,"column":null}}},"fnMap":{"0":{"name":"(anonymous_0)","decl":{"start":{"line":7,"column":4},"end":{"line":7,"column":16}},"loc":{"start":{"line":7,"column":32},"end":{"line":10,"column":null}},"line":7}},"branchMap":{},"s":{"0":24,"1":24,"2":24},"f":{"0":24},"b":{},"meta":{"lastBranch":0,"lastFunction":1,"lastStatement":3,"seen":{"f:7:4:7:16":0,"s:8:8:8:Infinity":0,"s:4:4:4:Infinity":1,"s:9:8:9:Infinity":2}}}
,"C:\\typescript\\laravel-like-validation\\src\\facades\\Rule.ts": {"path":"C:\\typescript\\laravel-like-validation\\src\\facades\\Rule.ts","statementMap":{"0":{"start":{"line":7,"column":8},"end":{"line":7,"column":null}},"1":{"start":{"line":11,"column":8},"end":{"line":11,"column":null}}},"fnMap":{"0":{"name":"(anonymous_0)","decl":{"start":{"line":6,"column":11},"end":{"line":6,"column":24}},"loc":{"start":{"line":6,"column":24},"end":{"line":8,"column":null}},"line":6},"1":{"name":"(anonymous_1)","decl":{"start":{"line":10,"column":11},"end":{"line":10,"column":21}},"loc":{"start":{"line":10,"column":21},"end":{"line":12,"column":null}},"line":10}},"branchMap":{},"s":{"0":1,"1":1},"f":{"0":1,"1":1},"b":{},"meta":{"lastBranch":0,"lastFunction":2,"lastStatement":2,"seen":{"f:6:11:6:24":0,"s:7:8:7:Infinity":0,"f:10:11:10:21":1,"s:11:8:11:Infinity":1}}}
,"C:\\typescript\\laravel-like-validation\\src\\facades\\Validation.ts": {"path":"C:\\typescript\\laravel-like-validation\\src\\facades\\Validation.ts","statementMap":{"0":{"start":{"line":8,"column":27},"end":{"line":20,"column":null}},"1":{"start":{"line":10,"column":16},"end":{"line":10,"column":null}},"2":{"start":{"line":14,"column":16},"end":{"line":14,"column":null}},"3":{"start":{"line":18,"column":16},"end":{"line":18,"column":null}},"4":{"start":{"line":22,"column":8},"end":{"line":22,"column":null}}},"fnMap":{"0":{"name":"(anonymous_0)","decl":{"start":{"line":7,"column":11},"end":{"line":7,"column":16}},"loc":{"start":{"line":7,"column":122},"end":{"line":23,"column":null}},"line":7},"1":{"name":"(anonymous_1)","decl":{"start":{"line":9,"column":12},"end":{"line":9,"column":20}},"loc":{"start":{"line":9,"column":20},"end":{"line":11,"column":null}},"line":9},"2":{"name":"(anonymous_2)","decl":{"start":{"line":13,"column":12},"end":{"line":13,"column":23}},"loc":{"start":{"line":13,"column":23},"end":{"line":15,"column":null}},"line":13},"3":{"name":"(anonymous_3)","decl":{"start":{"line":17,"column":12},"end":{"line":17,"column":25}},"loc":{"start":{"line":17,"column":25},"end":{"line":19,"column":null}},"line":17}},"branchMap":{"0":{"loc":{"start":{"line":7,"column":36},"end":{"line":7,"column":78}},"type":"default-arg","locations":[{"start":{"line":7,"column":74},"end":{"line":7,"column":78}}],"line":7},"1":{"loc":{"start":{"line":7,"column":78},"end":{"line":7,"column":122}},"type":"default-arg","locations":[{"start":{"line":7,"column":118},"end":{"line":7,"column":122}}],"line":7}},"s":{"0":21,"1":19,"2":19,"3":19,"4":21},"f":{"0":5,"1":19,"2":19,"3":19},"b":{"0":[21],"1":[21]},"meta":{"lastBranch":2,"lastFunction":4,"lastStatement":5,"seen":{"f:7:11:7:16":0,"b:7:74:7:78":0,"b:7:118:7:122":1,"s:8:27:20:Infinity":0,"f:9:12:9:20":1,"s:10:16:10:Infinity":1,"f:13:12:13:23":2,"s:14:16:14:Infinity":2,"f:17:12:17:25":3,"s:18:16:18:Infinity":3,"s:22:8:22:Infinity":4}}}
,"C:\\typescript\\laravel-like-validation\\src\\factories\\ValidationFactory.ts": {"path":"C:\\typescript\\laravel-like-validation\\src\\factories\\ValidationFactory.ts","statementMap":{"0":{"start":{"line":12,"column":8},"end":{"line":12,"column":null}},"1":{"start":{"line":13,"column":8},"end":{"line":13,"column":null}},"2":{"start":{"line":18,"column":8},"end":{"line":18,"column":null}},"3":{"start":{"line":20,"column":30},"end":{"line":20,"column":null}},"4":{"start":{"line":21,"column":8},"end":{"line":21,"column":null}},"5":{"start":{"line":23,"column":30},"end":{"line":23,"column":null}},"6":{"start":{"line":25,"column":24},"end":{"line":25,"column":null}},"7":{"start":{"line":26,"column":8},"end":{"line":26,"column":null}},"8":{"start":{"line":28,"column":8},"end":{"line":28,"column":null}}},"fnMap":{"0":{"name":"(anonymous_0)","decl":{"start":{"line":11,"column":4},"end":{"line":11,"column":18}},"loc":{"start":{"line":11,"column":18},"end":{"line":14,"column":null}},"line":11},"1":{"name":"(anonymous_1)","decl":{"start":{"line":16,"column":4},"end":{"line":16,"column":9}},"loc":{"start":{"line":16,"column":47},"end":{"line":29,"column":null}},"line":16}},"branchMap":{},"s":{"0":40,"1":40,"2":39,"3":39,"4":39,"5":39,"6":39,"7":39,"8":39},"f":{"0":40,"1":39},"b":{},"meta":{"lastBranch":0,"lastFunction":2,"lastStatement":9,"seen":{"f:11:4:11:18":0,"s:12:8:12:Infinity":0,"s:13:8:13:Infinity":1,"f:16:4:16:9":1,"s:18:8:18:Infinity":2,"s:20:30:20:Infinity":3,"s:21:8:21:Infinity":4,"s:23:30:23:Infinity":5,"s:25:24:25:Infinity":6,"s:26:8:26:Infinity":7,"s:28:8:28:Infinity":8}}}
,"C:\\typescript\\laravel-like-validation\\src\\rules\\Accepted.ts": {"path":"C:\\typescript\\laravel-like-validation\\src\\rules\\Accepted.ts","statementMap":{"0":{"start":{"line":3,"column":0},"end":{"line":3,"column":6}},"1":{"start":{"line":4,"column":4},"end":{"line":4,"column":null}},"2":{"start":{"line":7,"column":8},"end":{"line":7,"column":null}},"3":{"start":{"line":11,"column":8},"end":{"line":14,"column":null}}},"fnMap":{"0":{"name":"(anonymous_0)","decl":{"start":{"line":3,"column":0},"end":{"line":3,"column":6}},"loc":{"start":{"line":3,"column":0},"end":{"line":4,"column":null}},"line":3},"1":{"name":"(anonymous_1)","decl":{"start":{"line":6,"column":10},"end":{"line":6,"column":19}},"loc":{"start":{"line":6,"column":80},"end":{"line":8,"column":null}},"line":6},"2":{"name":"(anonymous_2)","decl":{"start":{"line":10,"column":4},"end":{"line":10,"column":12}},"loc":{"start":{"line":10,"column":84},"end":{"line":15,"column":null}},"line":10}},"branchMap":{"0":{"loc":{"start":{"line":7,"column":15},"end":{"line":7,"column":null}},"type":"binary-expr","locations":[{"start":{"line":7,"column":15},"end":{"line":7,"column":39}},{"start":{"line":7,"column":39},"end":{"line":7,"column":79}},{"start":{"line":7,"column":79},"end":{"line":7,"column":100}},{"start":{"line":7,"column":100},"end":{"line":7,"column":123}},{"start":{"line":7,"column":123},"end":{"line":7,"column":162}},{"start":{"line":7,"column":162},"end":{"line":7,"column":null}}],"line":7},"1":{"loc":{"start":{"line":10,"column":27},"end":{"line":10,"column":84}},"type":"default-arg","locations":[{"start":{"line":10,"column":45},"end":{"line":10,"column":84}}],"line":10}},"s":{"0":40,"1":40,"2":0,"3":0},"f":{"0":40,"1":0,"2":0},"b":{"0":[0,0,0,0,0,0],"1":[0]},"meta":{"lastBranch":2,"lastFunction":3,"lastStatement":4,"seen":{"f:3:0:3:6":0,"s:3:0:3:6":0,"s:4:4:4:Infinity":1,"f:6:10:6:19":1,"s:7:8:7:Infinity":2,"b:7:15:7:39:7:39:7:79:7:79:7:100:7:100:7:123:7:123:7:162:7:162:7:Infinity":0,"f:10:4:10:12":2,"b:10:45:10:84":1,"s:11:8:14:Infinity":3}}}
,"C:\\typescript\\laravel-like-validation\\src\\rules\\Alpha.ts": {"path":"C:\\typescript\\laravel-like-validation\\src\\rules\\Alpha.ts","statementMap":{"0":{"start":{"line":3,"column":0},"end":{"line":3,"column":6}},"1":{"start":{"line":4,"column":4},"end":{"line":4,"column":null}},"2":{"start":{"line":8,"column":8},"end":{"line":11,"column":null}},"3":{"start":{"line":9,"column":12},"end":{"line":9,"column":null}},"4":{"start":{"line":10,"column":12},"end":{"line":10,"column":null}},"5":{"start":{"line":13,"column":8},"end":{"line":13,"column":null}},"6":{"start":{"line":17,"column":8},"end":{"line":20,"column":null}}},"fnMap":{"0":{"name":"(anonymous_0)","decl":{"start":{"line":3,"column":0},"end":{"line":3,"column":6}},"loc":{"start":{"line":3,"column":0},"end":{"line":4,"column":null}},"line":3},"1":{"name":"(anonymous_1)","decl":{"start":{"line":6,"column":10},"end":{"line":6,"column":19}},"loc":{"start":{"line":6,"column":97},"end":{"line":14,"column":null}},"line":6},"2":{"name":"(anonymous_2)","decl":{"start":{"line":16,"column":4},"end":{"line":16,"column":12}},"loc":{"start":{"line":16,"column":84},"end":{"line":21,"column":null}},"line":16}},"branchMap":{"0":{"loc":{"start":{"line":8,"column":8},"end":{"line":11,"column":null}},"type":"if","locations":[{"start":{"line":8,"column":8},"end":{"line":11,"column":null}},{"start":{},"end":{}}],"line":8},"1":{"loc":{"start":{"line":16,"column":27},"end":{"line":16,"column":84}},"type":"default-arg","locations":[{"start":{"line":16,"column":45},"end":{"line":16,"column":84}}],"line":16}},"s":{"0":40,"1":40,"2":0,"3":0,"4":0,"5":0,"6":0},"f":{"0":40,"1":0,"2":0},"b":{"0":[0,0],"1":[0]},"meta":{"lastBranch":2,"lastFunction":3,"lastStatement":7,"seen":{"f:3:0:3:6":0,"s:3:0:3:6":0,"s:4:4:4:Infinity":1,"f:6:10:6:19":1,"b:8:8:11:Infinity:undefined:undefined:undefined:undefined":0,"s:8:8:11:Infinity":2,"s:9:12:9:Infinity":3,"s:10:12:10:Infinity":4,"s:13:8:13:Infinity":5,"f:16:4:16:12":2,"b:16:45:16:84":1,"s:17:8:20:Infinity":6}}}
,"C:\\typescript\\laravel-like-validation\\src\\rules\\Between.ts": {"path":"C:\\typescript\\laravel-like-validation\\src\\rules\\Between.ts","statementMap":{"0":{"start":{"line":5,"column":0},"end":{"line":5,"column":6}},"1":{"start":{"line":6,"column":4},"end":{"line":6,"column":null}},"2":{"start":{"line":8,"column":4},"end":{"line":8,"column":null}},"3":{"start":{"line":9,"column":4},"end":{"line":9,"column":null}},"4":{"start":{"line":12,"column":8},"end":{"line":12,"column":null}},"5":{"start":{"line":13,"column":8},"end":{"line":13,"column":null}},"6":{"start":{"line":17,"column":8},"end":{"line":17,"column":null}},"7":{"start":{"line":18,"column":8},"end":{"line":18,"column":null}},"8":{"start":{"line":22,"column":8},"end":{"line":35,"column":null}},"9":{"start":{"line":23,"column":12},"end":{"line":34,"column":null}},"10":{"start":{"line":25,"column":16},"end":{"line":31,"column":null}},"11":{"start":{"line":26,"column":20},"end":{"line":26,"column":null}},"12":{"start":{"line":28,"column":20},"end":{"line":30,"column":null}},"13":{"start":{"line":29,"column":24},"end":{"line":29,"column":null}},"14":{"start":{"line":33,"column":16},"end":{"line":33,"column":null}},"15":{"start":{"line":37,"column":8},"end":{"line":40,"column":null}},"16":{"start":{"line":45,"column":8},"end":{"line":45,"column":null}},"17":{"start":{"line":45,"column":34},"end":{"line":45,"column":null}},"18":{"start":{"line":46,"column":8},"end":{"line":46,"column":null}},"19":{"start":{"line":46,"column":39},"end":{"line":46,"column":null}},"20":{"start":{"line":47,"column":8},"end":{"line":47,"column":null}},"21":{"start":{"line":47,"column":43},"end":{"line":47,"column":null}},"22":{"start":{"line":49,"column":8},"end":{"line":49,"column":null}},"23":{"start":{"line":54,"column":27},"end":{"line":54,"column":null}},"24":{"start":{"line":56,"column":8},"end":{"line":59,"column":null}},"25":{"start":{"line":57,"column":12},"end":{"line":57,"column":null}},"26":{"start":{"line":58,"column":12},"end":{"line":58,"column":null}},"27":{"start":{"line":61,"column":8},"end":{"line":64,"column":null}},"28":{"start":{"line":62,"column":12},"end":{"line":62,"column":null}},"29":{"start":{"line":63,"column":12},"end":{"line":63,"column":null}},"30":{"start":{"line":66,"column":8},"end":{"line":69,"column":null}},"31":{"start":{"line":67,"column":12},"end":{"line":67,"column":null}},"32":{"start":{"line":68,"column":12},"end":{"line":68,"column":null}},"33":{"start":{"line":71,"column":30},"end":{"line":71,"column":null}},"34":{"start":{"line":72,"column":30},"end":{"line":72,"column":null}},"35":{"start":{"line":74,"column":8},"end":{"line":74,"column":null}},"36":{"start":{"line":78,"column":27},"end":{"line":78,"column":null}},"37":{"start":{"line":79,"column":8},"end":{"line":82,"column":null}}},"fnMap":{"0":{"name":"(anonymous_0)","decl":{"start":{"line":5,"column":0},"end":{"line":5,"column":6}},"loc":{"start":{"line":5,"column":0},"end":{"line":9,"column":null}},"line":5},"1":{"name":"(anonymous_1)","decl":{"start":{"line":11,"column":4},"end":{"line":11,"column":8}},"loc":{"start":{"line":11,"column":29},"end":{"line":14,"column":null}},"line":11},"2":{"name":"(anonymous_2)","decl":{"start":{"line":16,"column":4},"end":{"line":16,"column":8}},"loc":{"start":{"line":16,"column":29},"end":{"line":19,"column":null}},"line":16},"3":{"name":"(anonymous_3)","decl":{"start":{"line":21,"column":12},"end":{"line":21,"column":28}},"loc":{"start":{"line":21,"column":51},"end":{"line":41,"column":null}},"line":21},"4":{"name":"(anonymous_4)","decl":{"start":{"line":23,"column":46},"end":{"line":23,"column":51}},"loc":{"start":{"line":23,"column":51},"end":{"line":34,"column":13}},"line":23},"5":{"name":"(anonymous_5)","decl":{"start":{"line":43,"column":12},"end":{"line":43,"column":38}},"loc":{"start":{"line":43,"column":59},"end":{"line":50,"column":null}},"line":43},"6":{"name":"(anonymous_6)","decl":{"start":{"line":52,"column":4},"end":{"line":52,"column":13}},"loc":{"start":{"line":52,"column":81},"end":{"line":75,"column":null}},"line":52},"7":{"name":"(anonymous_7)","decl":{"start":{"line":77,"column":4},"end":{"line":77,"column":12}},"loc":{"start":{"line":77,"column":100},"end":{"line":83,"column":null}},"line":77}},"branchMap":{"0":{"loc":{"start":{"line":22,"column":8},"end":{"line":35,"column":null}},"type":"if","locations":[{"start":{"line":22,"column":8},"end":{"line":35,"column":null}},{"start":{},"end":{}}],"line":22},"1":{"loc":{"start":{"line":25,"column":16},"end":{"line":31,"column":null}},"type":"if","locations":[{"start":{"line":25,"column":16},"end":{"line":31,"column":null}},{"start":{},"end":{}}],"line":25},"2":{"loc":{"start":{"line":28,"column":20},"end":{"line":30,"column":null}},"type":"if","locations":[{"start":{"line":28,"column":20},"end":{"line":30,"column":null}},{"start":{},"end":{}}],"line":28},"3":{"loc":{"start":{"line":45,"column":8},"end":{"line":45,"column":null}},"type":"if","locations":[{"start":{"line":45,"column":8},"end":{"line":45,"column":null}},{"start":{},"end":{}}],"line":45},"4":{"loc":{"start":{"line":46,"column":8},"end":{"line":46,"column":null}},"type":"if","locations":[{"start":{"line":46,"column":8},"end":{"line":46,"column":null}},{"start":{},"end":{}}],"line":46},"5":{"loc":{"start":{"line":47,"column":8},"end":{"line":47,"column":null}},"type":"if","locations":[{"start":{"line":47,"column":8},"end":{"line":47,"column":null}},{"start":{},"end":{}}],"line":47},"6":{"loc":{"start":{"line":56,"column":8},"end":{"line":59,"column":null}},"type":"if","locations":[{"start":{"line":56,"column":8},"end":{"line":59,"column":null}},{"start":{},"end":{}}],"line":56},"7":{"loc":{"start":{"line":61,"column":8},"end":{"line":64,"column":null}},"type":"if","locations":[{"start":{"line":61,"column":8},"end":{"line":64,"column":null}},{"start":{},"end":{}}],"line":61},"8":{"loc":{"start":{"line":61,"column":12},"end":{"line":61,"column":70}},"type":"binary-expr","locations":[{"start":{"line":61,"column":12},"end":{"line":61,"column":42}},{"start":{"line":61,"column":42},"end":{"line":61,"column":70}}],"line":61},"9":{"loc":{"start":{"line":66,"column":8},"end":{"line":69,"column":null}},"type":"if","locations":[{"start":{"line":66,"column":8},"end":{"line":69,"column":null}},{"start":{},"end":{}}],"line":66},"10":{"loc":{"start":{"line":74,"column":15},"end":{"line":74,"column":null}},"type":"binary-expr","locations":[{"start":{"line":74,"column":15},"end":{"line":74,"column":32}},{"start":{"line":74,"column":32},"end":{"line":74,"column":null}}],"line":74},"11":{"loc":{"start":{"line":77,"column":27},"end":{"line":77,"column":49}},"type":"default-arg","locations":[{"start":{"line":77,"column":45},"end":{"line":77,"column":49}}],"line":77}},"s":{"0":52,"1":52,"2":52,"3":52,"4":3,"5":3,"6":3,"7":3,"8":33,"9":28,"10":55,"11":55,"12":55,"13":2,"14":53,"15":5,"16":29,"17":6,"18":23,"19":4,"20":19,"21":12,"22":7,"23":32,"24":32,"25":0,"26":0,"27":32,"28":3,"29":3,"30":29,"31":7,"32":7,"33":22,"34":22,"35":22,"36":1,"37":1},"f":{"0":52,"1":3,"2":3,"3":33,"4":55,"5":29,"6":32,"7":1},"b":{"0":[28,5],"1":[55,0],"2":[2,53],"3":[6,23],"4":[4,19],"5":[12,7],"6":[0,32],"7":[3,29],"8":[32,31],"9":[7,22],"10":[22,13],"11":[1]},"meta":{"lastBranch":12,"lastFunction":8,"lastStatement":38,"seen":{"f:5:0:5:6":0,"s:5:0:5:6":0,"s:6:4:6:Infinity":1,"s:8:4:8:Infinity":2,"s:9:4:9:Infinity":3,"f:11:4:11:8":1,"s:12:8:12:Infinity":4,"s:13:8:13:Infinity":5,"f:16:4:16:8":2,"s:17:8:17:Infinity":6,"s:18:8:18:Infinity":7,"f:21:12:21:28":3,"b:22:8:35:Infinity:undefined:undefined:undefined:undefined":0,"s:22:8:35:Infinity":8,"s:23:12:34:Infinity":9,"f:23:46:23:51":4,"b:25:16:31:Infinity:undefined:undefined:undefined:undefined":1,"s:25:16:31:Infinity":10,"s:26:20:26:Infinity":11,"b:28:20:30:Infinity:undefined:undefined:undefined:undefined":2,"s:28:20:30:Infinity":12,"s:29:24:29:Infinity":13,"s:33:16:33:Infinity":14,"s:37:8:40:Infinity":15,"f:43:12:43:38":5,"b:45:8:45:Infinity:undefined:undefined:undefined:undefined":3,"s:45:8:45:Infinity":16,"s:45:34:45:Infinity":17,"b:46:8:46:Infinity:undefined:undefined:undefined:undefined":4,"s:46:8:46:Infinity":18,"s:46:39:46:Infinity":19,"b:47:8:47:Infinity:undefined:undefined:undefined:undefined":5,"s:47:8:47:Infinity":20,"s:47:43:47:Infinity":21,"s:49:8:49:Infinity":22,"f:52:4:52:13":6,"s:54:27:54:Infinity":23,"b:56:8:59:Infinity:undefined:undefined:undefined:undefined":6,"s:56:8:59:Infinity":24,"s:57:12:57:Infinity":25,"s:58:12:58:Infinity":26,"b:61:8:64:Infinity:undefined:undefined:undefined:undefined":7,"s:61:8:64:Infinity":27,"b:61:12:61:42:61:42:61:70":8,"s:62:12:62:Infinity":28,"s:63:12:63:Infinity":29,"b:66:8:69:Infinity:undefined:undefined:undefined:undefined":9,"s:66:8:69:Infinity":30,"s:67:12:67:Infinity":31,"s:68:12:68:Infinity":32,"s:71:30:71:Infinity":33,"s:72:30:72:Infinity":34,"s:74:8:74:Infinity":35,"b:74:15:74:32:74:32:74:Infinity":10,"f:77:4:77:12":7,"b:77:45:77:49":11,"s:78:27:78:Infinity":36,"s:79:8:82:Infinity":37}}}
[...]
,"C:\\typescript\\laravel-like-validation\\src\\rules\\Nullable.ts": {"path":"C:\\typescript\\laravel-like-validation\\src\\rules\\Nullable.ts","statementMap":{"0":{"start":{"line":3,"column":0},"end":{"line":3,"column":6}},"1":{"start":{"line":4,"column":4},"end":{"line":4,"column":null}},"2":{"start":{"line":5,"column":4},"end":{"line":5,"column":null}},"3":{"start":{"line":11,"column":8},"end":{"line":13,"column":null}},"4":{"start":{"line":12,"column":12},"end":{"line":12,"column":null}},"5":{"start":{"line":15,"column":22},"end":{"line":15,"column":null}},"6":{"start":{"line":18,"column":8},"end":{"line":18,"column":null}},"7":{"start":{"line":22,"column":8},"end":{"line":25,"column":null}}},"fnMap":{"0":{"name":"(anonymous_0)","decl":{"start":{"line":3,"column":0},"end":{"line":3,"column":6}},"loc":{"start":{"line":3,"column":0},"end":{"line":5,"column":null}},"line":3},"1":{"name":"(anonymous_1)","decl":{"start":{"line":7,"column":4},"end":{"line":7,"column":13}},"loc":{"start":{"line":7,"column":65},"end":{"line":19,"column":null}},"line":7},"2":{"name":"(anonymous_2)","decl":{"start":{"line":21,"column":4},"end":{"line":21,"column":12}},"loc":{"start":{"line":21,"column":84},"end":{"line":26,"column":null}},"line":21}},"branchMap":{"0":{"loc":{"start":{"line":11,"column":8},"end":{"line":13,"column":null}},"type":"if","locations":[{"start":{"line":11,"column":8},"end":{"line":13,"column":null}},{"start":{},"end":{}}],"line":11},"1":{"loc":{"start":{"line":18,"column":15},"end":{"line":18,"column":null}},"type":"binary-expr","locations":[{"start":{"line":18,"column":15},"end":{"line":18,"column":33}},{"start":{"line":18,"column":33},"end":{"line":18,"column":null}}],"line":18},"2":{"loc":{"start":{"line":21,"column":27},"end":{"line":21,"column":84}},"type":"default-arg","locations":[{"start":{"line":21,"column":45},"end":{"line":21,"column":84}}],"line":21}},"s":{"0":48,"1":48,"2":48,"3":4,"4":1,"5":3,"6":3,"7":2},"f":{"0":48,"1":4,"2":2},"b":{"0":[1,3],"1":[3,2],"2":[2]},"meta":{"lastBranch":3,"lastFunction":3,"lastStatement":8,"seen":{"f:3:0:3:6":0,"s:3:0:3:6":0,"s:4:4:4:Infinity":1,"s:5:4:5:Infinity":2,"f:7:4:7:13":1,"b:11:8:13:Infinity:undefined:undefined:undefined:undefined":0,"s:11:8:13:Infinity":3,"s:12:12:12:Infinity":4,"s:15:22:15:Infinity":5,"s:18:8:18:Infinity":6,"b:18:15:18:33:18:33:18:Infinity":1,"f:21:4:21:12":2,"b:21:45:21:84":2,"s:22:8:25:Infinity":7}}}
,"C:\\typescript\\laravel-like-validation\\src\\rules\\Numeric.ts": {"path":"C:\\typescript\\laravel-like-validation\\src\\rules\\Numeric.ts","statementMap":{"0":{"start":{"line":3,"column":0},"end":{"line":3,"column":6}},"1":{"start":{"line":4,"column":4},"end":{"line":4,"column":null}},"2":{"start":{"line":7,"column":8},"end":{"line":7,"column":null}},"3":{"start":{"line":11,"column":8},"end":{"line":14,"column":null}}},"fnMap":{"0":{"name":"(anonymous_0)","decl":{"start":{"line":3,"column":0},"end":{"line":3,"column":6}},"loc":{"start":{"line":3,"column":0},"end":{"line":4,"column":null}},"line":3},"1":{"name":"(anonymous_1)","decl":{"start":{"line":6,"column":10},"end":{"line":6,"column":19}},"loc":{"start":{"line":6,"column":80},"end":{"line":8,"column":null}},"line":6},"2":{"name":"(anonymous_2)","decl":{"start":{"line":10,"column":4},"end":{"line":10,"column":12}},"loc":{"start":{"line":10,"column":84},"end":{"line":15,"column":null}},"line":10}},"branchMap":{"0":{"loc":{"start":{"line":10,"column":27},"end":{"line":10,"column":84}},"type":"default-arg","locations":[{"start":{"line":10,"column":45},"end":{"line":10,"column":84}}],"line":10}},"s":{"0":41,"1":41,"2":15,"3":3},"f":{"0":41,"1":15,"2":3},"b":{"0":[3]},"meta":{"lastBranch":1,"lastFunction":3,"lastStatement":4,"seen":{"f:3:0:3:6":0,"s:3:0:3:6":0,"s:4:4:4:Infinity":1,"f:6:10:6:19":1,"s:7:8:7:Infinity":2,"f:10:4:10:12":2,"b:10:45:10:84":0,"s:11:8:14:Infinity":3}}}
,"C:\\typescript\\laravel-like-validation\\src\\rules\\Present.ts": {"path":"C:\\typescript\\laravel-like-validation\\src\\rules\\Present.ts","statementMap":{"0":{"start":{"line":3,"column":0},"end":{"line":3,"column":6}},"1":{"start":{"line":4,"column":4},"end":{"line":4,"column":null}},"2":{"start":{"line":7,"column":8},"end":{"line":7,"column":null}},"3":{"start":{"line":11,"column":8},"end":{"line":14,"column":null}}},"fnMap":{"0":{"name":"(anonymous_0)","decl":{"start":{"line":3,"column":0},"end":{"line":3,"column":6}},"loc":{"start":{"line":3,"column":0},"end":{"line":4,"column":null}},"line":3},"1":{"name":"(anonymous_1)","decl":{"start":{"line":6,"column":10},"end":{"line":6,"column":19}},"loc":{"start":{"line":6,"column":80},"end":{"line":8,"column":null}},"line":6},"2":{"name":"(anonymous_2)","decl":{"start":{"line":10,"column":4},"end":{"line":10,"column":12}},"loc":{"start":{"line":10,"column":84},"end":{"line":15,"column":null}},"line":10}},"branchMap":{"0":{"loc":{"start":{"line":10,"column":27},"end":{"line":10,"column":84}},"type":"default-arg","locations":[{"start":{"line":10,"column":45},"end":{"line":10,"column":84}}],"line":10}},"s":{"0":40,"1":40,"2":0,"3":0},"f":{"0":40,"1":0,"2":0},"b":{"0":[0]},"meta":{"lastBranch":1,"lastFunction":3,"lastStatement":4,"seen":{"f:3:0:3:6":0,"s:3:0:3:6":0,"s:4:4:4:Infinity":1,"f:6:10:6:19":1,"s:7:8:7:Infinity":2,"f:10:4:10:12":2,"b:10:45:10:84":0,"s:11:8:14:Infinity":3}}}
,"C:\\typescript\\laravel-like-validation\\src\\rules\\PresentIf.ts": {"path":"C:\\typescript\\laravel-like-validation\\src\\rules\\PresentIf.ts","statementMap":{"0":{"start":{"line":4,"column":0},"end":{"line":4,"column":6}},"1":{"start":{"line":5,"column":4},"end":{"line":5,"column":null}},"2":{"start":{"line":7,"column":4},"end":{"line":7,"column":null}},"3":{"start":{"line":8,"column":4},"end":{"line":8,"column":null}},"4":{"start":{"line":11,"column":8},"end":{"line":11,"column":null}},"5":{"start":{"line":12,"column":8},"end":{"line":12,"column":null}},"6":{"start":{"line":16,"column":8},"end":{"line":16,"column":null}},"7":{"start":{"line":17,"column":8},"end":{"line":17,"column":null}},"8":{"start":{"line":22,"column":8},"end":{"line":24,"column":null}},"9":{"start":{"line":23,"column":12},"end":{"line":23,"column":null}},"10":{"start":{"line":26,"column":8},"end":{"line":29,"column":null}},"11":{"start":{"line":33,"column":45},"end":{"line":33,"column":null}},"12":{"start":{"line":35,"column":8},"end":{"line":43,"column":null}},"13":{"start":{"line":37,"column":12},"end":{"line":41,"column":null}},"14":{"start":{"line":38,"column":16},"end":{"line":38,"column":null}},"15":{"start":{"line":40,"column":16},"end":{"line":40,"column":null}},"16":{"start":{"line":45,"column":8},"end":{"line":45,"column":null}},"17":{"start":{"line":50,"column":29},"end":{"line":50,"column":null}},"18":{"start":{"line":51,"column":36},"end":{"line":51,"column":null}},"19":{"start":{"line":53,"column":8},"end":{"line":55,"column":null}},"20":{"start":{"line":54,"column":12},"end":{"line":54,"column":null}},"21":{"start":{"line":56,"column":8},"end":{"line":58,"column":null}},"22":{"start":{"line":57,"column":12},"end":{"line":57,"column":null}},"23":{"start":{"line":60,"column":8},"end":{"line":62,"column":null}},"24":{"start":{"line":61,"column":12},"end":{"line":61,"column":null}},"25":{"start":{"line":63,"column":8},"end":{"line":65,"column":null}},"26":{"start":{"line":64,"column":12},"end":{"line":64,"column":null}},"27":{"start":{"line":67,"column":8},"end":{"line":69,"column":null}},"28":{"start":{"line":68,"column":12},"end":{"line":68,"column":null}},"29":{"start":{"line":70,"column":8},"end":{"line":72,"column":null}},"30":{"start":{"line":71,"column":12},"end":{"line":71,"column":null}},"31":{"start":{"line":74,"column":8},"end":{"line":74,"column":null}},"32":{"start":{"line":78,"column":8},"end":{"line":78,"column":null}},"33":{"start":{"line":82,"column":45},"end":{"line":82,"column":null}},"34":{"start":{"line":84,"column":8},"end":{"line":87,"column":null}}},"fnMap":{"0":{"name":"(anonymous_0)","decl":{"start":{"line":4,"column":0},"end":{"line":4,"column":6}},"loc":{"start":{"line":4,"column":0},"end":{"line":8,"column":null}},"line":4},"1":{"name":"(anonymous_1)","decl":{"start":{"line":10,"column":4},"end":{"line":10,"column":10}},"loc":{"start":{"line":10,"column":25},"end":{"line":13,"column":null}},"line":10},"2":{"name":"(anonymous_2)","decl":{"start":{"line":15,"column":4},"end":{"line":15,"column":10}},"loc":{"start":{"line":15,"column":22},"end":{"line":18,"column":null}},"line":15},"3":{"name":"(anonymous_3)","decl":{"start":{"line":20,"column":12},"end":{"line":20,"column":29}},"loc":{"start":{"line":20,"column":48},"end":{"line":30,"column":null}},"line":20},"4":{"name":"(anonymous_4)","decl":{"start":{"line":32,"column":10},"end":{"line":32,"column":19}},"loc":{"start":{"line":32,"column":96},"end":{"line":46,"column":null}},"line":32},"5":{"name":"(anonymous_5)","decl":{"start":{"line":48,"column":12},"end":{"line":48,"column":26}},"loc":{"start":{"line":48,"column":66},"end":{"line":75,"column":null}},"line":48},"6":{"name":"(anonymous_6)","decl":{"start":{"line":77,"column":12},"end":{"line":77,"column":30}},"loc":{"start":{"line":77,"column":82},"end":{"line":79,"column":null}},"line":77},"7":{"name":"(anonymous_7)","decl":{"start":{"line":81,"column":4},"end":{"line":81,"column":12}},"loc":{"start":{"line":81,"column":100},"end":{"line":88,"column":null}},"line":81}},"branchMap":{"0":{"loc":{"start":{"line":22,"column":8},"end":{"line":24,"column":null}},"type":"if","locations":[{"start":{"line":22,"column":8},"end":{"line":24,"column":null}},{"start":{},"end":{}}],"line":22},"1":{"loc":{"start":{"line":35,"column":8},"end":{"line":43,"column":null}},"type":"if","locations":[{"start":{"line":35,"column":8},"end":{"line":43,"column":null}},{"start":{},"end":{}}],"line":35},"2":{"loc":{"start":{"line":37,"column":12},"end":{"line":41,"column":null}},"type":"if","locations":[{"start":{"line":37,"column":12},"end":{"line":41,"column":null}},{"start":{"line":39,"column":19},"end":{"line":41,"column":null}}],"line":37},"3":{"loc":{"start":{"line":53,"column":8},"end":{"line":55,"column":null}},"type":"if","locations":[{"start":{"line":53,"column":8},"end":{"line":55,"column":null}},{"start":{},"end":{}}],"line":53},"4":{"loc":{"start":{"line":53,"column":12},"end":{"line":53,"column":57}},"type":"binary-expr","locations":[{"start":{"line":53,"column":12},"end":{"line":53,"column":41}},{"start":{"line":53,"column":41},"end":{"line":53,"column":57}}],"line":53},"5":{"loc":{"start":{"line":56,"column":8},"end":{"line":58,"column":null}},"type":"if","locations":[{"start":{"line":56,"column":8},"end":{"line":58,"column":null}},{"start":{},"end":{}}],"line":56},"6":{"loc":{"start":{"line":56,"column":12},"end":{"line":56,"column":71}},"type":"binary-expr","locations":[{"start":{"line":56,"column":12},"end":{"line":56,"column":48}},{"start":{"line":56,"column":48},"end":{"line":56,"column":71}}],"line":56},"7":{"loc":{"start":{"line":60,"column":8},"end":{"line":62,"column":null}},"type":"if","locations":[{"start":{"line":60,"column":8},"end":{"line":62,"column":null}},{"start":{},"end":{}}],"line":60},"8":{"loc":{"start":{"line":63,"column":8},"end":{"line":65,"column":null}},"type":"if","locations":[{"start":{"line":63,"column":8},"end":{"line":65,"column":null}},{"start":{},"end":{}}],"line":63},"9":{"loc":{"start":{"line":67,"column":8},"end":{"line":69,"column":null}},"type":"if","locations":[{"start":{"line":67,"column":8},"end":{"line":69,"column":null}},{"start":{},"end":{}}],"line":67},"10":{"loc":{"start":{"line":68,"column":29},"end":{"line":68,"column":null}},"type":"cond-expr","locations":[{"start":{"line":68,"column":37},"end":{"line":68,"column":46}},{"start":{"line":68,"column":46},"end":{"line":68,"column":null}}],"line":68},"11":{"loc":{"start":{"line":70,"column":8},"end":{"line":72,"column":null}},"type":"if","locations":[{"start":{"line":70,"column":8},"end":{"line":72,"column":null}},{"start":{},"end":{}}],"line":70},"12":{"loc":{"start":{"line":71,"column":36},"end":{"line":71,"column":null}},"type":"cond-expr","locations":[{"start":{"line":71,"column":51},"end":{"line":71,"column":60}},{"start":{"line":71,"column":60},"end":{"line":71,"column":null}}],"line":71},"13":{"loc":{"start":{"line":78,"column":15},"end":{"line":78,"column":null}},"type":"binary-expr","locations":[{"start":{"line":78,"column":15},"end":{"line":78,"column":53}},{"start":{"line":78,"column":53},"end":{"line":78,"column":null}}],"line":78},"14":{"loc":{"start":{"line":81,"column":27},"end":{"line":81,"column":49}},"type":"default-arg","locations":[{"start":{"line":81,"column":45},"end":{"line":81,"column":49}}],"line":81}},"s":{"0":61,"1":61,"2":61,"3":61,"4":5,"5":5,"6":4,"7":4,"8":27,"9":17,"10":10,"11":23,"12":23,"13":12,"14":4,"15":8,"16":11,"17":23,"18":23,"19":23,"20":5,"21":23,"22":4,"23":23,"24":3,"25":23,"26":0,"27":23,"28":8,"29":23,"30":2,"31":23,"32":12,"33":4,"34":4},"f":{"0":61,"1":5,"2":4,"3":27,"4":23,"5":23,"6":12,"7":4},"b":{"0":[17,10],"1":[12,11],"2":[4,8],"3":[5,18],"4":[23,5],"5":[4,19],"6":[23,6],"7":[3,20],"8":[0,23],"9":[8,15],"10":[5,3],"11":[2,21],"12":[2,0],"13":[12,8],"14":[4]},"meta":{"lastBranch":15,"lastFunction":8,"lastStatement":35,"seen":{"f:4:0:4:6":0,"s:4:0:4:6":0,"s:5:4:5:Infinity":1,"s:7:4:7:Infinity":2,"s:8:4:8:Infinity":3,"f:10:4:10:10":1,"s:11:8:11:Infinity":4,"s:12:8:12:Infinity":5,"f:15:4:15:10":2,"s:16:8:16:Infinity":6,"s:17:8:17:Infinity":7,"f:20:12:20:29":3,"b:22:8:24:Infinity:undefined:undefined:undefined:undefined":0,"s:22:8:24:Infinity":8,"s:23:12:23:Infinity":9,"s:26:8:29:Infinity":10,"f:32:10:32:19":4,"s:33:45:33:Infinity":11,"b:35:8:43:Infinity:undefined:undefined:undefined:undefined":1,"s:35:8:43:Infinity":12,"b:37:12:41:Infinity:39:19:41:Infinity":2,"s:37:12:41:Infinity":13,"s:38:16:38:Infinity":14,"s:40:16:40:Infinity":15,"s:45:8:45:Infinity":16,"f:48:12:48:26":5,"s:50:29:50:Infinity":17,"s:51:36:51:Infinity":18,"b:53:8:55:Infinity:undefined:undefined:undefined:undefined":3,"s:53:8:55:Infinity":19,"b:53:12:53:41:53:41:53:57":4,"s:54:12:54:Infinity":20,"b:56:8:58:Infinity:undefined:undefined:undefined:undefined":5,"s:56:8:58:Infinity":21,"b:56:12:56:48:56:48:56:71":6,"s:57:12:57:Infinity":22,"b:60:8:62:Infinity:undefined:undefined:undefined:undefined":7,"s:60:8:62:Infinity":23,"s:61:12:61:Infinity":24,"b:63:8:65:Infinity:undefined:undefined:undefined:undefined":8,"s:63:8:65:Infinity":25,"s:64:12:64:Infinity":26,"b:67:8:69:Infinity:undefined:undefined:undefined:undefined":9,"s:67:8:69:Infinity":27,"s:68:12:68:Infinity":28,"b:68:37:68:46:68:46:68:Infinity":10,"b:70:8:72:Infinity:undefined:undefined:undefined:undefined":11,"s:70:8:72:Infinity":29,"s:71:12:71:Infinity":30,"b:71:51:71:60:71:60:71:Infinity":12,"s:74:8:74:Infinity":31,"f:77:12:77:30":6,"s:78:8:78:Infinity":32,"b:78:15:78:53:78:53:78:Infinity":13,"f:81:4:81:12":7,"b:81:45:81:49":14,"s:82:45:82:Infinity":33,"s:84:8:87:Infinity":34}}}
,"C:\\typescript\\laravel-like-validation\\src\\rules\\RegexMatch.ts": {"path":"C:\\typescript\\laravel-like-validation\\src\\rules\\RegexMatch.ts","statementMap":{"0":{"start":{"line":4,"column":0},"end":{"line":4,"column":6}},"1":{"start":{"line":5,"column":4},"end":{"line":5,"column":null}},"2":{"start":{"line":8,"column":22},"end":{"line":8,"column":null}},"3":{"start":{"line":9,"column":8},"end":{"line":9,"column":null}},"4":{"start":{"line":13,"column":8},"end":{"line":16,"column":null}}},"fnMap":{"0":{"name":"(anonymous_0)","decl":{"start":{"line":4,"column":0},"end":{"line":4,"column":6}},"loc":{"start":{"line":4,"column":0},"end":{"line":5,"column":null}},"line":4},"1":{"name":"(anonymous_1)","decl":{"start":{"line":7,"column":10},"end":{"line":7,"column":19}},"loc":{"start":{"line":7,"column":95},"end":{"line":10,"column":null}},"line":7},"2":{"name":"(anonymous_2)","decl":{"start":{"line":12,"column":4},"end":{"line":12,"column":12}},"loc":{"start":{"line":12,"column":99},"end":{"line":17,"column":null}},"line":12}},"branchMap":{"0":{"loc":{"start":{"line":9,"column":15},"end":{"line":9,"column":null}},"type":"binary-expr","locations":[{"start":{"line":9,"column":15},"end":{"line":9,"column":50}},{"start":{"line":9,"column":50},"end":{"line":9,"column":null}}],"line":9},"1":{"loc":{"start":{"line":12,"column":27},"end":{"line":12,"column":49}},"type":"default-arg","locations":[{"start":{"line":12,"column":45},"end":{"line":12,"column":49}}],"line":12}},"s":{"0":51,"1":51,"2":7,"3":7,"4":2},"f":{"0":51,"1":7,"2":2},"b":{"0":[7,7],"1":[2]},"meta":{"lastBranch":2,"lastFunction":3,"lastStatement":5,"seen":{"f:4:0:4:6":0,"s:4:0:4:6":0,"s:5:4:5:Infinity":1,"f:7:10:7:19":1,"s:8:22:8:Infinity":2,"s:9:8:9:Infinity":3,"b:9:15:9:50:9:50:9:Infinity":0,"f:12:4:12:12":2,"b:12:45:12:49":1,"s:13:8:16:Infinity":4}}}
,"C:\\typescript\\laravel-like-validation\\src\\rules\\Required.ts": {"path":"C:\\typescript\\laravel-like-validation\\src\\rules\\Required.ts","statementMap":{"0":{"start":{"line":3,"column":0},"end":{"line":3,"column":6}},"1":{"start":{"line":4,"column":4},"end":{"line":4,"column":null}},"2":{"start":{"line":8,"column":8},"end":{"line":13,"column":null}},"3":{"start":{"line":19,"column":8},"end":{"line":22,"column":null}}},"fnMap":{"0":{"name":"(anonymous_0)","decl":{"start":{"line":3,"column":0},"end":{"line":3,"column":6}},"loc":{"start":{"line":3,"column":0},"end":{"line":4,"column":null}},"line":3},"1":{"name":"(anonymous_1)","decl":{"start":{"line":6,"column":10},"end":{"line":6,"column":19}},"loc":{"start":{"line":6,"column":80},"end":{"line":16,"column":null}},"line":6},"2":{"name":"(anonymous_2)","decl":{"start":{"line":18,"column":4},"end":{"line":18,"column":12}},"loc":{"start":{"line":18,"column":97},"end":{"line":23,"column":null}},"line":18}},"branchMap":{"0":{"loc":{"start":{"line":9,"column":13},"end":{"line":13,"column":null}},"type":"binary-expr","locations":[{"start":{"line":9,"column":13},"end":{"line":9,"column":null}},{"start":{"line":10,"column":13},"end":{"line":10,"column":48}},{"start":{"line":10,"column":48},"end":{"line":10,"column":null}},{"start":{"line":11,"column":13},"end":{"line":11,"column":43}},{"start":{"line":11,"column":43},"end":{"line":11,"column":null}},{"start":{"line":13,"column":16},"end":{"line":13,"column":51}},{"start":{"line":13,"column":51},"end":{"line":13,"column":75}},{"start":{"line":13,"column":75},"end":{"line":13,"column":null}}],"line":9},"1":{"loc":{"start":{"line":18,"column":27},"end":{"line":18,"column":49}},"type":"default-arg","locations":[{"start":{"line":18,"column":45},"end":{"line":18,"column":49}}],"line":18}},"s":{"0":51,"1":51,"2":50,"3":16},"f":{"0":51,"1":50,"2":16},"b":{"0":[50,46,42,20,2,19,3,3],"1":[16]},"meta":{"lastBranch":2,"lastFunction":3,"lastStatement":4,"seen":{"f:3:0:3:6":0,"s:3:0:3:6":0,"s:4:4:4:Infinity":1,"f:6:10:6:19":1,"s:8:8:13:Infinity":2,"b:9:13:9:Infinity:10:13:10:48:10:48:10:Infinity:11:13:11:43:11:43:11:Infinity:13:16:13:51:13:51:13:75:13:75:13:Infinity":0,"f:18:4:18:12":2,"b:18:45:18:49":1,"s:19:8:22:Infinity":3}}}
,"C:\\typescript\\laravel-like-validation\\src\\types\\Request.ts": {"path":"C:\\typescript\\laravel-like-validation\\src\\types\\Request.ts","statementMap":{},"fnMap":{},"branchMap":{},"s":{},"f":{},"b":{},"meta":{"lastBranch":0,"lastFunction":0,"lastStatement":0,"seen":{}}}
}
